#
# A fatal error has been detected by the Java Runtime Environment:
#
#  EXCEPTION_ACCESS_VIOLATION (0xc0000005) at pc=0x00000000517bc851, pid=100396, tid=0x000000000001e084
#
# JRE version: Java(TM) SE Runtime Environment (8.0_171-b11) (build 1.8.0_171-b11)
# Java VM: Java HotSpot(TM) 64-Bit Server VM (25.171-b11 mixed mode windows-amd64 compressed oops)
# Problematic frame:
# V  [jvm.dll+0x15c851]
#
# Failed to write core dump. Minidumps are not enabled by default on client versions of Windows
#
# If you would like to submit a bug report, please visit:
#   http://bugreport.java.com/bugreport/crash.jsp
#

---------------  T H R E A D  ---------------

Current thread (0x000000001feac800):  JavaThread "Thread-76" [_thread_in_vm, id=123012, stack(0x0000000028920000,0x0000000028a20000)]

siginfo: ExceptionCode=0xc0000005, reading address 0x0000000000000000

Registers:
RAX=0x0000000000000000, RBX=0x000000001feac800, RCX=0x0000000000000c80, RDX=0x0000000000000000
RSP=0x0000000028a1cae0, RBP=0x0000000000000000, RSI=0x0000000000000000, RDI=0x00000000000001c9
R8 =0x0000000000000000, R9 =0x00000000000001c9, R10=0x0000000051e04d50, R11=0x0000000000000246
R12=0x0000000000000000, R13=0x0000000000000000, R14=0x0000000021f7d1f8, R15=0x000000000260bd80
RIP=0x00000000517bc851, EFLAGS=0x0000000000010246

Top of Stack: (sp=0x0000000028a1cae0)
0x0000000028a1cae0:   000000000260bd80 0000000021f7d1f8
0x0000000028a1caf0:   0000000000000000 0000000000000000
0x0000000028a1cb00:   000000001feac9f8 000007fef1521a2a
0x0000000028a1cb10:   000000001feac800 0000000000000000
0x0000000028a1cb20:   0000000000000000 0000000051998c43
0x0000000028a1cb30:   0000000000000000 000007fef1524183
0x0000000028a1cb40:   0000000000000000 0000000000000000
0x0000000028a1cb50:   000000001feac9f8 0000000000000000
0x0000000028a1cb60:   000000002125e4a0 0000f1bd4a3e1b46
0x0000000028a1cb70:   0000000028a1cd70 0000000028a1cd78
0x0000000028a1cb80:   0000000000000000 0000000000000000
0x0000000028a1cb90:   0000000028a1cd70 0000000028a1cd78
0x0000000028a1cba0:   0000000000000000 000007fef15240b4
0x0000000028a1cbb0:   000000000260bd80 0000000000000000
0x0000000028a1cbc0:   000000002125e6a0 000000006b68a988
0x0000000028a1cbd0:   0000000000000000 000000002125e6a0 

Instructions: (pc=0x00000000517bc851)
0x00000000517bc831:   00 48 83 7b 08 00 48 89 5c 24 30 48 c7 44 24 38
0x00000000517bc841:   00 00 00 00 74 0a 48 8d 4c 24 30 e8 ff fe 11 00
0x00000000517bc851:   4c 8b 4d 00 85 f6 0f 88 1c 01 00 00 85 ff 0f 88
0x00000000517bc861:   14 01 00 00 0f b6 15 d5 4c 6b 00 41 b8 10 00 00 


Register to memory mapping:

RAX=0x0000000000000000 is an unknown value
RBX=0x000000001feac800 is a thread
RCX=0x0000000000000c80 is an unknown value
RDX=0x0000000000000000 is an unknown value
RSP=0x0000000028a1cae0 is pointing into the stack for thread: 0x000000001feac800
RBP=0x0000000000000000 is an unknown value
RSI=0x0000000000000000 is an unknown value
RDI=0x00000000000001c9 is an unknown value
R8 =0x0000000000000000 is an unknown value
R9 =0x00000000000001c9 is an unknown value
R10=0x0000000051e04d50 is an unknown value
R11=0x0000000000000246 is an unknown value
R12=0x0000000000000000 is an unknown value
R13=0x0000000000000000 is an unknown value
R14=0x0000000021f7d1f8 is an unknown value
R15=0x000000000260bd80 is an unknown value


Stack: [0x0000000028920000,0x0000000028a20000],  sp=0x0000000028a1cae0,  free space=1010k
Native frames: (J=compiled Java code, j=interpreted, Vv=VM code, C=native code)

Java frames: (J=compiled Java code, j=interpreted, Vv=VM code)
j  com.zeroturnaround.jrebelbase.reflection.s.a(Ljava/lang/Object;Ljava/lang/Class;Ljava/lang/Object;)V+21
j  com.zeroturnaround.jrebelbase.reflection.a.set(Ljava/lang/Object;Ljava/lang/Object;)V+10
j  java.lang.reflect.Field.set(Ljava/lang/Object;Ljava/lang/Object;)V+46
j  io.netty.channel.nio.NioEventLoop$4.run()Ljava/lang/Object;+136
v  ~StubRoutines::call_stub
J 379  java.security.AccessController.doPrivileged(Ljava/security/PrivilegedAction;)Ljava/lang/Object; (0 bytes) @ 0x0000000002e2a6d2 [0x0000000002e2a680+0x52]
J 5741 C2 io.netty.channel.nio.NioEventLoop.openSelector()Lio/netty/channel/nio/NioEventLoop$SelectorTuple; (247 bytes) @ 0x0000000003cfd440 [0x0000000003cfc2a0+0x11a0]
J 5758 C2 io.netty.channel.nio.NioEventLoop.<init>(Lio/netty/channel/nio/NioEventLoopGroup;Ljava/util/concurrent/Executor;Ljava/nio/channels/spi/SelectorProvider;Lio/netty/channel/SelectStrategy;Lio/netty/util/concurrent/RejectedExecutionHandler;)V (118 bytes) @ 0x0000000003d0279c [0x0000000003d020c0+0x6dc]
J 5796 C2 io.netty.channel.nio.NioEventLoopGroup.newChild(Ljava/util/concurrent/Executor;[Ljava/lang/Object;)Lio/netty/util/concurrent/EventExecutor; (11 bytes) @ 0x0000000003d2ecf8 [0x0000000003d2ec00+0xf8]
j  io.netty.util.concurrent.MultithreadEventExecutorGroup.<init>(ILjava/util/concurrent/Executor;Lio/netty/util/concurrent/EventExecutorChooserFactory;[Ljava/lang/Object;)V+109
j  io.netty.util.concurrent.MultithreadEventExecutorGroup.<init>(ILjava/util/concurrent/Executor;[Ljava/lang/Object;)V+7
j  io.netty.util.concurrent.MultithreadEventExecutorGroup.<init>(ILjava/util/concurrent/ThreadFactory;[Ljava/lang/Object;)V+19
j  io.netty.channel.MultithreadEventLoopGroup.<init>(ILjava/util/concurrent/ThreadFactory;[Ljava/lang/Object;)V+14
j  io.netty.channel.nio.NioEventLoopGroup.<init>(ILjava/util/concurrent/ThreadFactory;Ljava/nio/channels/spi/SelectorProvider;Lio/netty/channel/SelectStrategyFactory;)V+22
j  io.netty.channel.nio.NioEventLoopGroup.<init>(ILjava/util/concurrent/ThreadFactory;Ljava/nio/channels/spi/SelectorProvider;)V+7
j  io.netty.channel.nio.NioEventLoopGroup.<init>(ILjava/util/concurrent/ThreadFactory;)V+6
j  xzcode.ggserver.client.config.GGClientConfig.<init>()V+166
j  xzcode.ggserver.client.GGClient.lambda$1(Ljava/util/concurrent/atomic/AtomicInteger;)V+8
j  xzcode.ggserver.client.GGClient$$Lambda$2.run()V+12
j  java.lang.Thread.run()V+15
v  ~StubRoutines::call_stub

---------------  P R O C E S S  ---------------

Java Threads: ( => current thread )
  0x0000000020590800 JavaThread "DestroyJavaVM" [_thread_blocked, id=124892, stack(0x00000000027b0000,0x00000000028b0000)]
  0x000000002058f800 JavaThread "Thread-511" [_thread_blocked, id=102728, stack(0x000000004bf20000,0x000000004c020000)]
  0x000000002058f000 JavaThread "Thread-510" [_thread_blocked, id=114360, stack(0x000000004bda0000,0x000000004bea0000)]
  0x000000002058e000 JavaThread "Thread-509" [_thread_blocked, id=118200, stack(0x000000004bc70000,0x000000004bd70000)]
  0x000000002058d800 JavaThread "Thread-508" [_thread_blocked, id=125268, stack(0x000000004b8c0000,0x000000004b9c0000)]
  0x000000002058c800 JavaThread "Thread-507" [_thread_blocked, id=106772, stack(0x000000004ba00000,0x000000004bb00000)]
  0x000000002058c000 JavaThread "Thread-506" [_thread_blocked, id=105408, stack(0x000000004b6c0000,0x000000004b7c0000)]
  0x000000002058b000 JavaThread "Thread-505" [_thread_blocked, id=118880, stack(0x000000004b7c0000,0x000000004b8c0000)]
  0x000000002058a800 JavaThread "Thread-504" [_thread_blocked, id=116372, stack(0x0000000049b30000,0x0000000049c30000)]
  0x0000000020589800 JavaThread "Thread-503" [_thread_blocked, id=113572, stack(0x000000004b570000,0x000000004b670000)]
  0x0000000020589000 JavaThread "Thread-502" [_thread_blocked, id=123760, stack(0x000000004b410000,0x000000004b510000)]
  0x0000000020588000 JavaThread "Thread-501" [_thread_blocked, id=118304, stack(0x000000004b240000,0x000000004b340000)]
  0x0000000020587800 JavaThread "Thread-500" [_thread_blocked, id=109096, stack(0x000000004b110000,0x000000004b210000)]
  0x0000000020586800 JavaThread "Thread-499" [_thread_blocked, id=127072, stack(0x000000004af20000,0x000000004b020000)]
  0x0000000020586000 JavaThread "Thread-498" [_thread_blocked, id=106604, stack(0x000000004ada0000,0x000000004aea0000)]
  0x0000000020585000 JavaThread "Thread-497" [_thread_blocked, id=103132, stack(0x000000004ab40000,0x000000004ac40000)]
  0x0000000020584800 JavaThread "Thread-496" [_thread_blocked, id=124164, stack(0x000000004a940000,0x000000004aa40000)]
  0x0000000020583800 JavaThread "Thread-495" [_thread_blocked, id=111080, stack(0x000000004a840000,0x000000004a940000)]
  0x0000000020583000 JavaThread "Thread-494" [_thread_blocked, id=123008, stack(0x000000004a650000,0x000000004a750000)]
  0x0000000020582000 JavaThread "Thread-493" [_thread_blocked, id=118008, stack(0x000000004a520000,0x000000004a620000)]
  0x0000000020581800 JavaThread "Thread-492" [_thread_blocked, id=117044, stack(0x000000004a330000,0x000000004a430000)]
  0x0000000020580800 JavaThread "Thread-491" [_thread_blocked, id=113860, stack(0x000000004a180000,0x000000004a280000)]
  0x0000000020580000 JavaThread "Thread-490" [_thread_blocked, id=118532, stack(0x0000000049d60000,0x0000000049e60000)]
  0x000000002057f000 JavaThread "Thread-489" [_thread_blocked, id=107728, stack(0x000000004a010000,0x000000004a110000)]
  0x000000002057e000 JavaThread "Thread-488" [_thread_blocked, id=123580, stack(0x0000000049e70000,0x0000000049f70000)]
  0x000000002057d800 JavaThread "Thread-487" [_thread_blocked, id=113924, stack(0x0000000049c40000,0x0000000049d40000)]
  0x000000002057c800 JavaThread "Thread-486" [_thread_blocked, id=123068, stack(0x0000000049a00000,0x0000000049b00000)]
  0x000000002057c000 JavaThread "Thread-485" [_thread_blocked, id=120308, stack(0x00000000497b0000,0x00000000498b0000)]
  0x000000002057b000 JavaThread "Thread-484" [_thread_blocked, id=114648, stack(0x0000000049900000,0x0000000049a00000)]
  0x000000002057a800 JavaThread "Thread-483" [_thread_blocked, id=110200, stack(0x0000000049070000,0x0000000049170000)]
  0x0000000020579800 JavaThread "Thread-482" [_thread_blocked, id=126216, stack(0x0000000049620000,0x0000000049720000)]
  0x0000000020579000 JavaThread "Thread-481" [_thread_blocked, id=109676, stack(0x00000000494e0000,0x00000000495e0000)]
  0x0000000020578000 JavaThread "Thread-480" [_thread_blocked, id=106348, stack(0x0000000049340000,0x0000000049440000)]
  0x0000000020577800 JavaThread "Thread-479" [_thread_blocked, id=109700, stack(0x0000000049190000,0x0000000049290000)]
  0x0000000020576800 JavaThread "Thread-478" [_thread_blocked, id=110888, stack(0x0000000048f30000,0x0000000049030000)]
  0x0000000020576000 JavaThread "Thread-477" [_thread_blocked, id=112840, stack(0x0000000048e10000,0x0000000048f10000)]
  0x0000000020575000 JavaThread "Thread-476" [_thread_blocked, id=105700, stack(0x0000000048ce0000,0x0000000048de0000)]
  0x000000001efc7800 JavaThread "Thread-475" [_thread_blocked, id=116688, stack(0x00000000489d0000,0x0000000048ad0000)]
  0x000000001efc7000 JavaThread "Thread-474" [_thread_blocked, id=99524, stack(0x00000000473d0000,0x00000000474d0000)]
  0x000000001efc6000 JavaThread "Thread-473" [_thread_blocked, id=105804, stack(0x0000000048b90000,0x0000000048c90000)]
  0x000000001efc5800 JavaThread "Thread-472" [_thread_blocked, id=114888, stack(0x00000000488d0000,0x00000000489d0000)]
  0x000000001efc4800 JavaThread "Thread-471" [_thread_blocked, id=125664, stack(0x00000000487a0000,0x00000000488a0000)]
  0x000000001efc4000 JavaThread "Thread-470" [_thread_blocked, id=88320, stack(0x0000000048310000,0x0000000048410000)]
  0x000000001efc3000 JavaThread "Thread-469" [_thread_blocked, id=109880, stack(0x0000000048650000,0x0000000048750000)]
  0x000000001efc2800 JavaThread "Thread-468" [_thread_blocked, id=112468, stack(0x00000000484a0000,0x00000000485a0000)]
  0x000000001efc1800 JavaThread "Thread-467" [_thread_blocked, id=121768, stack(0x00000000481f0000,0x00000000482f0000)]
  0x000000001efc1000 JavaThread "Thread-466" [_thread_blocked, id=118564, stack(0x0000000047d30000,0x0000000047e30000)]
  0x000000001efc0000 JavaThread "Thread-465" [_thread_blocked, id=118832, stack(0x0000000048000000,0x0000000048100000)]
  0x000000001efbf800 JavaThread "Thread-464" [_thread_blocked, id=116780, stack(0x0000000047e70000,0x0000000047f70000)]
  0x000000001efbe800 JavaThread "Thread-463" [_thread_blocked, id=130632, stack(0x0000000047c10000,0x0000000047d10000)]
  0x000000001efbe000 JavaThread "Thread-462" [_thread_blocked, id=109768, stack(0x0000000047b00000,0x0000000047c00000)]
  0x000000001efbd000 JavaThread "Thread-461" [_thread_blocked, id=100356, stack(0x00000000479f0000,0x0000000047af0000)]
  0x000000001efbc800 JavaThread "Thread-460" [_thread_blocked, id=99376, stack(0x0000000047840000,0x0000000047940000)]
  0x000000001efbb800 JavaThread "Thread-459" [_thread_blocked, id=130404, stack(0x0000000047670000,0x0000000047770000)]
  0x000000001efbb000 JavaThread "Thread-458" [_thread_blocked, id=123556, stack(0x00000000471d0000,0x00000000472d0000)]
  0x000000001efba000 JavaThread "Thread-457" [_thread_blocked, id=113872, stack(0x00000000474f0000,0x00000000475f0000)]
  0x000000001efb9800 JavaThread "Thread-456" [_thread_blocked, id=127472, stack(0x00000000472d0000,0x00000000473d0000)]
  0x000000001efb8800 JavaThread "Thread-455" [_thread_blocked, id=131536, stack(0x0000000047070000,0x0000000047170000)]
  0x000000001efb8000 JavaThread "Thread-454" [_thread_blocked, id=116244, stack(0x0000000046db0000,0x0000000046eb0000)]
  0x000000001efb7000 JavaThread "Thread-453" [_thread_blocked, id=108368, stack(0x0000000046f20000,0x0000000047020000)]
  0x000000001efb6800 JavaThread "Thread-452" [_thread_blocked, id=126348, stack(0x0000000046120000,0x0000000046220000)]
  0x000000001efb5800 JavaThread "Thread-451" [_thread_blocked, id=106760, stack(0x0000000046cb0000,0x0000000046db0000)]
  0x000000001efb5000 JavaThread "Thread-450" [_thread_blocked, id=117572, stack(0x00000000467b0000,0x00000000468b0000)]
  0x000000001efb4000 JavaThread "Thread-449" [_thread_blocked, id=81172, stack(0x0000000046b90000,0x0000000046c90000)]
  0x000000001efb3800 JavaThread "Thread-448" [_thread_blocked, id=101612, stack(0x00000000469f0000,0x0000000046af0000)]
  0x000000001efb2800 JavaThread "Thread-447" [_thread_blocked, id=131760, stack(0x00000000455a0000,0x00000000456a0000)]
  0x000000001efb2000 JavaThread "Thread-446" [_thread_blocked, id=113248, stack(0x00000000468c0000,0x00000000469c0000)]
  0x000000001efb1000 JavaThread "Thread-445" [_thread_blocked, id=111200, stack(0x0000000046680000,0x0000000046780000)]
  0x000000001efb0800 JavaThread "Thread-444" [_thread_blocked, id=115552, stack(0x0000000046580000,0x0000000046680000)]
  0x000000001efaf800 JavaThread "Thread-443" [_thread_blocked, id=114096, stack(0x00000000463f0000,0x00000000464f0000)]
  0x000000001efaf000 JavaThread "Thread-442" [_thread_blocked, id=128956, stack(0x0000000046240000,0x0000000046340000)]
  0x000000001efae000 JavaThread "Thread-441" [_thread_blocked, id=103284, stack(0x0000000045fe0000,0x00000000460e0000)]
  0x000000001efad800 JavaThread "Thread-440" [_thread_blocked, id=17840, stack(0x0000000045ec0000,0x0000000045fc0000)]
  0x000000001efac800 JavaThread "Thread-439" [_thread_blocked, id=125272, stack(0x0000000045d50000,0x0000000045e50000)]
  0x000000001efac000 JavaThread "Thread-438" [_thread_blocked, id=114276, stack(0x0000000045b70000,0x0000000045c70000)]
  0x000000001efab000 JavaThread "Thread-437" [_thread_blocked, id=119772, stack(0x0000000045a00000,0x0000000045b00000)]
  0x000000001efaa800 JavaThread "Thread-436" [_thread_blocked, id=109544, stack(0x0000000045810000,0x0000000045910000)]
  0x000000001efa9800 JavaThread "Thread-435" [_thread_blocked, id=128192, stack(0x00000000456a0000,0x00000000457a0000)]
  0x000000001efa9000 JavaThread "Thread-434" [_thread_blocked, id=118648, stack(0x00000000452a0000,0x00000000453a0000)]
  0x00000000208af800 JavaThread "Thread-433" [_thread_blocked, id=124724, stack(0x0000000045490000,0x0000000045590000)]
  0x00000000208ae800 JavaThread "Thread-432" [_thread_blocked, id=103204, stack(0x00000000451a0000,0x00000000452a0000)]
  0x00000000208ae000 JavaThread "Thread-431" [_thread_blocked, id=120160, stack(0x0000000044130000,0x0000000044230000)]
  0x00000000208ad000 JavaThread "Thread-430" [_thread_blocked, id=123472, stack(0x0000000044fc0000,0x00000000450c0000)]
  0x00000000208ac800 JavaThread "Thread-429" [_thread_blocked, id=126536, stack(0x0000000044e10000,0x0000000044f10000)]
  0x00000000208ab800 JavaThread "Thread-428" [_thread_blocked, id=123732, stack(0x0000000044cd0000,0x0000000044dd0000)]
  0x00000000208ab000 JavaThread "Thread-427" [_thread_blocked, id=107812, stack(0x0000000044bb0000,0x0000000044cb0000)]
  0x00000000208aa000 JavaThread "Thread-426" [_thread_blocked, id=116820, stack(0x00000000449f0000,0x0000000044af0000)]
  0x00000000208a9800 JavaThread "Thread-425" [_thread_blocked, id=111188, stack(0x0000000044830000,0x0000000044930000)]
  0x00000000208a8800 JavaThread "Thread-424" [_thread_blocked, id=130688, stack(0x0000000044670000,0x0000000044770000)]
  0x00000000208a8000 JavaThread "Thread-423" [_thread_blocked, id=103104, stack(0x0000000044540000,0x0000000044640000)]
  0x00000000208a7000 JavaThread "Thread-422" [_thread_blocked, id=99160, stack(0x00000000443e0000,0x00000000444e0000)]
  0x00000000208a6800 JavaThread "Thread-421" [_thread_blocked, id=118408, stack(0x0000000044230000,0x0000000044330000)]
  0x00000000208a5800 JavaThread "Thread-420" [_thread_blocked, id=114388, stack(0x0000000043c90000,0x0000000043d90000)]
  0x00000000208a4800 JavaThread "Thread-419" [_thread_blocked, id=122528, stack(0x0000000043f40000,0x0000000044040000)]
  0x00000000208a4000 JavaThread "Thread-418" [_thread_blocked, id=114780, stack(0x0000000043e10000,0x0000000043f10000)]
  0x00000000208a3000 JavaThread "Thread-417" [_thread_blocked, id=114448, stack(0x0000000043850000,0x0000000043950000)]
  0x00000000208a2800 JavaThread "Thread-416" [_thread_blocked, id=90384, stack(0x0000000043b20000,0x0000000043c20000)]
  0x00000000208a1800 JavaThread "Thread-415" [_thread_blocked, id=126972, stack(0x00000000439d0000,0x0000000043ad0000)]
  0x00000000208a1000 JavaThread "Thread-414" [_thread_blocked, id=114576, stack(0x0000000043100000,0x0000000043200000)]
  0x00000000208a0000 JavaThread "Thread-413" [_thread_blocked, id=126888, stack(0x0000000043370000,0x0000000043470000)]
  0x000000002089f800 JavaThread "Thread-412" [_thread_blocked, id=36616, stack(0x0000000043750000,0x0000000043850000)]
  0x000000002089e800 JavaThread "Thread-411" [_thread_blocked, id=101216, stack(0x0000000043600000,0x0000000043700000)]
  0x000000002089e000 JavaThread "Thread-410" [_thread_blocked, id=107084, stack(0x00000000417b0000,0x00000000418b0000)]
  0x000000002089d000 JavaThread "Thread-409" [_thread_blocked, id=116744, stack(0x000000003fea0000,0x000000003ffa0000)]
  0x000000002089c800 JavaThread "Thread-408" [_thread_blocked, id=99700, stack(0x0000000043490000,0x0000000043590000)]
  0x000000002089b800 JavaThread "Thread-407" [_thread_blocked, id=113344, stack(0x0000000043200000,0x0000000043300000)]
  0x000000002089b000 JavaThread "Thread-406" [_thread_blocked, id=99956, stack(0x0000000042ef0000,0x0000000042ff0000)]
  0x000000002089a000 JavaThread "Thread-405" [_thread_blocked, id=2772, stack(0x0000000042ff0000,0x00000000430f0000)]
  0x0000000020899800 JavaThread "Thread-404" [_thread_blocked, id=112000, stack(0x0000000042d90000,0x0000000042e90000)]
  0x0000000020898800 JavaThread "Thread-403" [_thread_blocked, id=125024, stack(0x0000000042c90000,0x0000000042d90000)]
  0x0000000020898000 JavaThread "Thread-402" [_thread_blocked, id=127312, stack(0x0000000042b20000,0x0000000042c20000)]
  0x0000000020897000 JavaThread "Thread-401" [_thread_blocked, id=116748, stack(0x0000000042a20000,0x0000000042b20000)]
  0x0000000020896800 JavaThread "Thread-400" [_thread_blocked, id=106256, stack(0x0000000042860000,0x0000000042960000)]
  0x0000000020895800 JavaThread "Thread-399" [_thread_blocked, id=117740, stack(0x0000000038b10000,0x0000000038c10000)]
  0x0000000020895000 JavaThread "Thread-398" [_thread_blocked, id=126284, stack(0x0000000042710000,0x0000000042810000)]
  0x0000000020894000 JavaThread "Thread-397" [_thread_blocked, id=107696, stack(0x00000000425f0000,0x00000000426f0000)]
  0x0000000020893800 JavaThread "Thread-396" [_thread_blocked, id=129956, stack(0x0000000042460000,0x0000000042560000)]
  0x0000000020892800 JavaThread "Thread-395" [_thread_blocked, id=127668, stack(0x0000000042330000,0x0000000042430000)]
  0x0000000020892000 JavaThread "Thread-394" [_thread_blocked, id=129312, stack(0x00000000421e0000,0x00000000422e0000)]
  0x0000000020891000 JavaThread "Thread-393" [_thread_blocked, id=108036, stack(0x0000000041fa0000,0x00000000420a0000)]
  0x0000000020890800 JavaThread "Thread-392" [_thread_blocked, id=121120, stack(0x00000000420c0000,0x00000000421c0000)]
  0x000000001fd25000 JavaThread "Thread-391" [_thread_blocked, id=110536, stack(0x0000000041ea0000,0x0000000041fa0000)]
  0x000000001fd24800 JavaThread "Thread-390" [_thread_blocked, id=105268, stack(0x0000000041220000,0x0000000041320000)]
  0x000000001fd23800 JavaThread "Thread-389" [_thread_blocked, id=113072, stack(0x0000000041da0000,0x0000000041ea0000)]
  0x000000001fd23000 JavaThread "Thread-388" [_thread_blocked, id=97728, stack(0x0000000040e00000,0x0000000040f00000)]
  0x000000001fd22000 JavaThread "Thread-387" [_thread_blocked, id=53788, stack(0x000000003ca00000,0x000000003cb00000)]
  0x000000001fd21800 JavaThread "Thread-386" [_thread_blocked, id=124968, stack(0x0000000041010000,0x0000000041110000)]
  0x000000001fd20800 JavaThread "Thread-385" [_thread_blocked, id=105200, stack(0x0000000041bf0000,0x0000000041cf0000)]
  0x000000001fd20000 JavaThread "Thread-384" [_thread_blocked, id=112784, stack(0x0000000041a60000,0x0000000041b60000)]
  0x000000001fd1f000 JavaThread "Thread-383" [_thread_blocked, id=100692, stack(0x00000000418b0000,0x00000000419b0000)]
  0x000000001fd1e800 JavaThread "Thread-382" [_thread_blocked, id=122876, stack(0x0000000041690000,0x0000000041790000)]
  0x000000001fd1d800 JavaThread "Thread-381" [_thread_blocked, id=38200, stack(0x00000000414e0000,0x00000000415e0000)]
  0x000000001fd1d000 JavaThread "Thread-380" [_thread_blocked, id=129796, stack(0x0000000041340000,0x0000000041440000)]
  0x000000001fd1c000 JavaThread "Thread-379" [_thread_blocked, id=107976, stack(0x0000000041110000,0x0000000041210000)]
  0x000000001fd1b800 JavaThread "Thread-378" [_thread_blocked, id=101724, stack(0x0000000040f00000,0x0000000041000000)]
  0x000000001fd1a800 JavaThread "Thread-377" [_thread_blocked, id=117436, stack(0x0000000040cd0000,0x0000000040dd0000)]
  0x000000001fd1a000 JavaThread "Thread-376" [_thread_blocked, id=123100, stack(0x0000000040b50000,0x0000000040c50000)]
  0x000000001fd19000 JavaThread "Thread-375" [_thread_blocked, id=108656, stack(0x0000000040980000,0x0000000040a80000)]
  0x000000001fd18800 JavaThread "Thread-374" [_thread_blocked, id=121392, stack(0x0000000040790000,0x0000000040890000)]
  0x000000001fd17800 JavaThread "Thread-373" [_thread_blocked, id=122092, stack(0x00000000405d0000,0x00000000406d0000)]
  0x000000001fd17000 JavaThread "Thread-372" [_thread_blocked, id=114348, stack(0x000000003f310000,0x000000003f410000)]
  0x000000001fd16000 JavaThread "Thread-371" [_thread_blocked, id=105084, stack(0x0000000040400000,0x0000000040500000)]
  0x000000001fd15800 JavaThread "Thread-370" [_thread_blocked, id=100020, stack(0x00000000402f0000,0x00000000403f0000)]
  0x000000001fd14800 JavaThread "Thread-369" [_thread_blocked, id=101044, stack(0x00000000400c0000,0x00000000401c0000)]
  0x000000001fd14000 JavaThread "Thread-368" [_thread_blocked, id=130288, stack(0x00000000401e0000,0x00000000402e0000)]
  0x000000001fd13000 JavaThread "Thread-367" [_thread_blocked, id=128728, stack(0x000000003ffa0000,0x00000000400a0000)]
  0x000000001fd12800 JavaThread "Thread-366" [_thread_blocked, id=109608, stack(0x000000003e920000,0x000000003ea20000)]
  0x000000001fd11800 JavaThread "Thread-365" [_thread_blocked, id=103408, stack(0x000000003fda0000,0x000000003fea0000)]
  0x000000001fd11000 JavaThread "Thread-364" [_thread_blocked, id=129760, stack(0x000000003fc10000,0x000000003fd10000)]
  0x000000001fd10000 JavaThread "Thread-363" [_thread_blocked, id=107572, stack(0x000000003faf0000,0x000000003fbf0000)]
  0x000000001fd0f800 JavaThread "Thread-362" [_thread_blocked, id=127532, stack(0x000000003f9d0000,0x000000003fad0000)]
  0x000000001fd0e800 JavaThread "Thread-361" [_thread_blocked, id=112276, stack(0x000000003f890000,0x000000003f990000)]
  0x000000001fd0e000 JavaThread "Thread-360" [_thread_blocked, id=131596, stack(0x000000003f780000,0x000000003f880000)]
  0x000000001fd0d000 JavaThread "Thread-359" [_thread_blocked, id=122052, stack(0x000000003f5c0000,0x000000003f6c0000)]
  0x000000001fd0c800 JavaThread "Thread-358" [_thread_blocked, id=99232, stack(0x000000003f460000,0x000000003f560000)]
  0x000000001fd0b800 JavaThread "Thread-357" [_thread_blocked, id=100628, stack(0x000000003ef30000,0x000000003f030000)]
  0x000000001fd0b000 JavaThread "Thread-356" [_thread_blocked, id=104476, stack(0x000000003f1f0000,0x000000003f2f0000)]
  0x000000001fd0a000 JavaThread "Thread-355" [_thread_blocked, id=34864, stack(0x000000003f070000,0x000000003f170000)]
  0x000000001fd09800 JavaThread "Thread-354" [_thread_blocked, id=131984, stack(0x000000003ee30000,0x000000003ef30000)]
  0x000000001fd08800 JavaThread "Thread-353" [_thread_blocked, id=119724, stack(0x000000003eb40000,0x000000003ec40000)]
  0x000000001fd08000 JavaThread "Thread-352" [_thread_blocked, id=100140, stack(0x000000003ec40000,0x000000003ed40000)]
  0x000000001fd07000 JavaThread "Thread-351" [_thread_blocked, id=113888, stack(0x000000003ea30000,0x000000003eb30000)]
  0x000000001fd06800 JavaThread "Thread-350" [_thread_blocked, id=109036, stack(0x000000003e7e0000,0x000000003e8e0000)]
  0x000000001f9d3800 JavaThread "Thread-349" [_thread_blocked, id=102536, stack(0x000000003e6b0000,0x000000003e7b0000)]
  0x000000001f9d2800 JavaThread "Thread-348" [_thread_blocked, id=105812, stack(0x000000003e570000,0x000000003e670000)]
  0x000000001f9d2000 JavaThread "Thread-347" [_thread_blocked, id=122260, stack(0x000000003e410000,0x000000003e510000)]
  0x000000001f9d1000 JavaThread "Thread-346" [_thread_blocked, id=123592, stack(0x000000003de10000,0x000000003df10000)]
  0x000000001f9d0800 JavaThread "Thread-345" [_thread_blocked, id=129056, stack(0x000000003e1a0000,0x000000003e2a0000)]
  0x000000001f9cf800 JavaThread "Thread-344" [_thread_blocked, id=131668, stack(0x000000003e2d0000,0x000000003e3d0000)]
  0x000000001f9cf000 JavaThread "Thread-343" [_thread_blocked, id=109204, stack(0x000000003e050000,0x000000003e150000)]
  0x000000001f9ce000 JavaThread "Thread-342" [_thread_blocked, id=115632, stack(0x000000003df10000,0x000000003e010000)]
  0x000000001f9cd800 JavaThread "Thread-341" [_thread_blocked, id=104464, stack(0x000000003da30000,0x000000003db30000)]
  0x000000001f9cc800 JavaThread "Thread-340" [_thread_blocked, id=129808, stack(0x000000003dcd0000,0x000000003ddd0000)]
  0x000000001f9cc000 JavaThread "Thread-339" [_thread_blocked, id=100592, stack(0x000000003d400000,0x000000003d500000)]
  0x000000001f9cb000 JavaThread "Thread-338" [_thread_blocked, id=107356, stack(0x000000003db60000,0x000000003dc60000)]
  0x000000001f9ca800 JavaThread "Thread-337" [_thread_blocked, id=62052, stack(0x000000003d920000,0x000000003da20000)]
  0x000000001f9c9800 JavaThread "Thread-336" [_thread_blocked, id=119068, stack(0x000000003bce0000,0x000000003bde0000)]
  0x000000001f9c9000 JavaThread "Thread-335" [_thread_blocked, id=114852, stack(0x000000003d760000,0x000000003d860000)]
  0x000000001f9c8000 JavaThread "Thread-334" [_thread_blocked, id=104076, stack(0x000000003c530000,0x000000003c630000)]
  0x000000001f9c7800 JavaThread "Thread-333" [_thread_blocked, id=113736, stack(0x000000003d640000,0x000000003d740000)]
  0x000000001f9c6800 JavaThread "Thread-332" [_thread_blocked, id=119608, stack(0x000000003d510000,0x000000003d610000)]
  0x000000001f9c6000 JavaThread "Thread-331" [_thread_blocked, id=128032, stack(0x000000003d300000,0x000000003d400000)]
  0x000000001f9c5000 JavaThread "Thread-330" [_thread_blocked, id=107848, stack(0x000000003ce20000,0x000000003cf20000)]
  0x000000001f9c4800 JavaThread "Thread-329" [_thread_blocked, id=122592, stack(0x000000003d140000,0x000000003d240000)]
  0x000000001f1a9000 JavaThread "Thread-328" [_thread_blocked, id=114920, stack(0x000000003d040000,0x000000003d140000)]
  0x000000001f1a8800 JavaThread "Thread-327" [_thread_blocked, id=120696, stack(0x000000003cf30000,0x000000003d030000)]
  0x000000001f1a7800 JavaThread "Thread-326" [_thread_blocked, id=116460, stack(0x000000003cce0000,0x000000003cde0000)]
  0x000000001f1a7000 JavaThread "Thread-325" [_thread_blocked, id=113244, stack(0x000000003cb00000,0x000000003cc00000)]
  0x000000001f1a6000 JavaThread "Thread-324" [_thread_blocked, id=108088, stack(0x000000003c900000,0x000000003ca00000)]
  0x000000001f1a5800 JavaThread "Thread-323" [_thread_blocked, id=117652, stack(0x000000003c7c0000,0x000000003c8c0000)]
  0x000000001f1a4800 JavaThread "Thread-322" [_thread_blocked, id=131336, stack(0x000000003a410000,0x000000003a510000)]
  0x000000001f1a4000 JavaThread "Thread-321" [_thread_blocked, id=107308, stack(0x000000003c640000,0x000000003c740000)]
  0x000000001f1a3000 JavaThread "Thread-320" [_thread_blocked, id=119364, stack(0x000000003c410000,0x000000003c510000)]
  0x000000001f1a2800 JavaThread "Thread-319" [_thread_blocked, id=124740, stack(0x000000003c240000,0x000000003c340000)]
  0x000000001f1a1800 JavaThread "Thread-318" [_thread_blocked, id=107952, stack(0x000000003bf40000,0x000000003c040000)]
  0x000000001f1a1000 JavaThread "Thread-317" [_thread_blocked, id=99568, stack(0x000000003c090000,0x000000003c190000)]
  0x000000001f1a0000 JavaThread "Thread-316" [_thread_blocked, id=119628, stack(0x000000003bdf0000,0x000000003bef0000)]
  0x000000001f19f800 JavaThread "Thread-315" [_thread_blocked, id=120564, stack(0x000000003bbe0000,0x000000003bce0000)]
  0x000000001f19e800 JavaThread "Thread-314" [_thread_blocked, id=104648, stack(0x000000003b950000,0x000000003ba50000)]
  0x000000001f19e000 JavaThread "Thread-313" [_thread_blocked, id=127456, stack(0x000000003ba80000,0x000000003bb80000)]
  0x000000001f19d000 JavaThread "Thread-312" [_thread_blocked, id=111396, stack(0x000000003b810000,0x000000003b910000)]
  0x000000001f19c800 JavaThread "Thread-311" [_thread_blocked, id=102912, stack(0x000000003b6b0000,0x000000003b7b0000)]
  0x000000001f19b800 JavaThread "Thread-310" [_thread_blocked, id=120016, stack(0x000000003a620000,0x000000003a720000)]
  0x000000001f19b000 JavaThread "Thread-309" [_thread_blocked, id=95936, stack(0x000000003b4f0000,0x000000003b5f0000)]
  0x000000001f19a000 JavaThread "Thread-308" [_thread_blocked, id=121984, stack(0x000000003aee0000,0x000000003afe0000)]
  0x000000001dfb1800 JavaThread "Thread-307" [_thread_blocked, id=118620, stack(0x000000003b3d0000,0x000000003b4d0000)]
  0x000000001dfb1000 JavaThread "Thread-306" [_thread_blocked, id=118776, stack(0x000000003b210000,0x000000003b310000)]
  0x000000001dfb0000 JavaThread "Thread-305" [_thread_blocked, id=104432, stack(0x000000003b030000,0x000000003b130000)]
  0x000000001dfaf800 JavaThread "Thread-304" [_thread_blocked, id=100892, stack(0x000000003adc0000,0x000000003aec0000)]
  0x000000001dfae800 JavaThread "Thread-303" [_thread_blocked, id=118140, stack(0x000000003ac80000,0x000000003ad80000)]
  0x000000001dfae000 JavaThread "Thread-302" [_thread_blocked, id=123172, stack(0x000000003a950000,0x000000003aa50000)]
  0x000000001dfad000 JavaThread "Thread-301" [_thread_blocked, id=109748, stack(0x000000003aad0000,0x000000003abd0000)]
  0x000000001dfac800 JavaThread "Thread-300" [_thread_blocked, id=97864, stack(0x000000003a200000,0x000000003a300000)]
  0x000000001dfab800 JavaThread "Thread-299" [_thread_blocked, id=101324, stack(0x000000003a830000,0x000000003a930000)]
  0x000000001dfab000 JavaThread "Thread-298" [_thread_blocked, id=108812, stack(0x000000003a730000,0x000000003a830000)]
  0x000000001dfaa000 JavaThread "Thread-297" [_thread_blocked, id=110000, stack(0x000000003a520000,0x000000003a620000)]
  0x000000001dfa9000 JavaThread "Thread-296" [_thread_blocked, id=112016, stack(0x0000000039c80000,0x0000000039d80000)]
  0x000000001dfa8800 JavaThread "Thread-295" [_thread_blocked, id=122008, stack(0x0000000039ec0000,0x0000000039fc0000)]
  0x000000001dfa7800 JavaThread "Thread-294" [_thread_blocked, id=100872, stack(0x000000003a310000,0x000000003a410000)]
  0x000000001dfa7000 JavaThread "Thread-293" [_thread_blocked, id=113824, stack(0x000000003a0d0000,0x000000003a1d0000)]
  0x000000001dfa6000 JavaThread "Thread-292" [_thread_blocked, id=113416, stack(0x0000000039fd0000,0x000000003a0d0000)]
  0x000000001dfa5800 JavaThread "Thread-291" [_thread_blocked, id=121716, stack(0x0000000039a20000,0x0000000039b20000)]
  0x000000001dfa4800 JavaThread "Thread-290" [_thread_blocked, id=40004, stack(0x0000000039dc0000,0x0000000039ec0000)]
  0x000000001dfa4000 JavaThread "Thread-289" [_thread_blocked, id=111780, stack(0x0000000037fa0000,0x00000000380a0000)]
  0x000000001dfa3000 JavaThread "Thread-288" [_thread_blocked, id=115120, stack(0x0000000039b60000,0x0000000039c60000)]
  0x000000001dfa2800 JavaThread "Thread-287" [_thread_blocked, id=39772, stack(0x00000000388f0000,0x00000000389f0000)]
  0x000000001ec70800 JavaThread "Thread-286" [_thread_blocked, id=119624, stack(0x0000000039500000,0x0000000039600000)]
  0x000000001ec70000 JavaThread "Thread-285" [_thread_blocked, id=95872, stack(0x00000000398f0000,0x00000000399f0000)]
  0x000000001ec6f000 JavaThread "Thread-284" [_thread_blocked, id=130784, stack(0x00000000397a0000,0x00000000398a0000)]
  0x000000001ec6e800 JavaThread "Thread-283" [_thread_blocked, id=121696, stack(0x00000000390b0000,0x00000000391b0000)]
  0x000000001ec6d800 JavaThread "Thread-282" [_thread_blocked, id=110152, stack(0x0000000039610000,0x0000000039710000)]
  0x000000001ec6d000 JavaThread "Thread-281" [_thread_blocked, id=99156, stack(0x00000000393e0000,0x00000000394e0000)]
  0x000000001ec6c000 JavaThread "Thread-280" [_thread_blocked, id=131300, stack(0x00000000392e0000,0x00000000393e0000)]
  0x000000001ec6b800 JavaThread "Thread-279" [_thread_blocked, id=121368, stack(0x0000000037ab0000,0x0000000037bb0000)]
  0x000000001ec6a800 JavaThread "Thread-278" [_thread_blocked, id=130476, stack(0x00000000385a0000,0x00000000386a0000)]
  0x000000001ec6a000 JavaThread "Thread-277" [_thread_blocked, id=116400, stack(0x00000000391d0000,0x00000000392d0000)]
  0x000000001ec69000 JavaThread "Thread-276" [_thread_blocked, id=126412, stack(0x0000000038fa0000,0x00000000390a0000)]
  0x000000001ec68800 JavaThread "Thread-275" [_thread_blocked, id=126184, stack(0x0000000038df0000,0x0000000038ef0000)]
  0x000000001ec67800 JavaThread "Thread-274" [_thread_blocked, id=10500, stack(0x0000000038c10000,0x0000000038d10000)]
  0x000000001ec67000 JavaThread "Thread-273" [_thread_blocked, id=110804, stack(0x0000000038a10000,0x0000000038b10000)]
  0x000000001ec66000 JavaThread "Thread-272" [_thread_blocked, id=105576, stack(0x00000000387d0000,0x00000000388d0000)]
  0x000000001ec65800 JavaThread "Thread-271" [_thread_blocked, id=128604, stack(0x00000000386b0000,0x00000000387b0000)]
  0x000000001ec64800 JavaThread "Thread-270" [_thread_blocked, id=120908, stack(0x00000000381d0000,0x00000000382d0000)]
  0x000000001fcfe000 JavaThread "Thread-269" [_thread_blocked, id=99680, stack(0x0000000022f30000,0x0000000023030000)]
  0x000000001ec64000 JavaThread "Thread-268" [_thread_blocked, id=104724, stack(0x00000000384a0000,0x00000000385a0000)]
  0x000000001ec63000 JavaThread "Thread-267" [_thread_blocked, id=115060, stack(0x0000000038300000,0x0000000038400000)]
  0x000000001ec62800 JavaThread "Thread-266" [_thread_blocked, id=127948, stack(0x00000000380b0000,0x00000000381b0000)]
  0x000000001ec61800 JavaThread "Thread-265" [_thread_blocked, id=100948, stack(0x00000000376e0000,0x00000000377e0000)]
  0x0000000020620000 JavaThread "Thread-264" [_thread_blocked, id=124912, stack(0x0000000037ea0000,0x0000000037fa0000)]
  0x000000002061f800 JavaThread "Thread-263" [_thread_blocked, id=105768, stack(0x0000000037d30000,0x0000000037e30000)]
  0x000000002061e800 JavaThread "Thread-262" [_thread_blocked, id=128496, stack(0x0000000037bc0000,0x0000000037cc0000)]
  0x000000002061e000 JavaThread "Thread-261" [_thread_blocked, id=117012, stack(0x00000000379b0000,0x0000000037ab0000)]
  0x000000002061d000 JavaThread "Thread-260" [_thread_blocked, id=107536, stack(0x0000000037850000,0x0000000037950000)]
  0x000000002061c800 JavaThread "Thread-259" [_thread_blocked, id=101768, stack(0x00000000375e0000,0x00000000376e0000)]
  0x000000002061b800 JavaThread "Thread-258" [_thread_blocked, id=107616, stack(0x0000000037210000,0x0000000037310000)]
  0x000000002061b000 JavaThread "Thread-257" [_thread_blocked, id=100440, stack(0x0000000037010000,0x0000000037110000)]
  0x000000002061a000 JavaThread "Thread-256" [_thread_blocked, id=119600, stack(0x00000000374a0000,0x00000000375a0000)]
  0x0000000020619800 JavaThread "Thread-255" [_thread_blocked, id=123960, stack(0x0000000037340000,0x0000000037440000)]
  0x0000000020618800 JavaThread "Thread-254" [_thread_blocked, id=114844, stack(0x0000000037110000,0x0000000037210000)]
  0x0000000020618000 JavaThread "Thread-253" [_thread_blocked, id=109256, stack(0x0000000036d60000,0x0000000036e60000)]
  0x0000000020617000 JavaThread "Thread-252" [_thread_blocked, id=123740, stack(0x0000000036f10000,0x0000000037010000)]
  0x0000000020616800 JavaThread "Thread-251" [_thread_blocked, id=99436, stack(0x0000000036c20000,0x0000000036d20000)]
  0x0000000020615800 JavaThread "Thread-250" [_thread_blocked, id=116196, stack(0x0000000036200000,0x0000000036300000)]
  0x0000000020615000 JavaThread "Thread-249" [_thread_blocked, id=90760, stack(0x0000000036a60000,0x0000000036b60000)]
  0x0000000020614000 JavaThread "Thread-248" [_thread_blocked, id=109696, stack(0x0000000036590000,0x0000000036690000)]
  0x0000000020613800 JavaThread "Thread-247" [_thread_blocked, id=100168, stack(0x00000000368b0000,0x00000000369b0000)]
  0x0000000020612800 JavaThread "Thread-246" [_thread_blocked, id=114696, stack(0x0000000036720000,0x0000000036820000)]
  0x0000000020612000 JavaThread "Thread-245" [_thread_blocked, id=101792, stack(0x0000000036490000,0x0000000036590000)]
  0x0000000020611000 JavaThread "Thread-244" [_thread_blocked, id=108672, stack(0x0000000036330000,0x0000000036430000)]
  0x000000001ecaf000 JavaThread "Thread-243" [_thread_blocked, id=124852, stack(0x0000000036100000,0x0000000036200000)]
  0x000000001ecae800 JavaThread "Thread-242" [_thread_blocked, id=108692, stack(0x0000000035f40000,0x0000000036040000)]
  0x000000001ecad800 JavaThread "Thread-241" [_thread_blocked, id=52324, stack(0x0000000035af0000,0x0000000035bf0000)]
  0x000000001ecad000 JavaThread "Thread-240" [_thread_blocked, id=109520, stack(0x0000000035de0000,0x0000000035ee0000)]
  0x000000001ecac000 JavaThread "Thread-239" [_thread_blocked, id=127700, stack(0x0000000035c00000,0x0000000035d00000)]
  0x000000001ecab800 JavaThread "Thread-238" [_thread_blocked, id=114232, stack(0x0000000035990000,0x0000000035a90000)]
  0x000000001ecaa800 JavaThread "Thread-237" [_thread_blocked, id=128600, stack(0x0000000035870000,0x0000000035970000)]
  0x000000001ecaa000 JavaThread "Thread-236" [_thread_blocked, id=126636, stack(0x0000000035730000,0x0000000035830000)]
  0x000000001eca9000 JavaThread "Thread-235" [_thread_blocked, id=113740, stack(0x00000000352d0000,0x00000000353d0000)]
  0x000000001eca8800 JavaThread "Thread-234" [_thread_blocked, id=120876, stack(0x0000000035580000,0x0000000035680000)]
  0x000000001eca7800 JavaThread "Thread-233" [_thread_blocked, id=114048, stack(0x00000000353e0000,0x00000000354e0000)]
  0x000000001eca7000 JavaThread "Thread-232" [_thread_blocked, id=116760, stack(0x0000000035180000,0x0000000035280000)]
  0x000000001eca6000 JavaThread "Thread-231" [_thread_blocked, id=107624, stack(0x0000000034dc0000,0x0000000034ec0000)]
  0x000000001eca5800 JavaThread "Thread-230" [_thread_blocked, id=124120, stack(0x0000000032c90000,0x0000000032d90000)]
  0x000000001eca4800 JavaThread "Thread-229" [_thread_blocked, id=120660, stack(0x0000000035030000,0x0000000035130000)]
  0x000000001eca4000 JavaThread "Thread-228" [_thread_blocked, id=119640, stack(0x0000000034f10000,0x0000000035010000)]
  0x000000001eca3000 JavaThread "Thread-227" [_thread_blocked, id=108760, stack(0x0000000034c70000,0x0000000034d70000)]
  0x000000001eca2800 JavaThread "Thread-226" [_thread_blocked, id=121492, stack(0x0000000034880000,0x0000000034980000)]
  0x000000001eca1800 JavaThread "Thread-225" [_thread_blocked, id=103184, stack(0x0000000034b30000,0x0000000034c30000)]
  0x000000001eca1000 JavaThread "Thread-224" [_thread_blocked, id=119868, stack(0x00000000344d0000,0x00000000345d0000)]
  0x000000001eca0000 JavaThread "Thread-223" [_thread_blocked, id=107072, stack(0x0000000033fd0000,0x00000000340d0000)]
  0x000000001f2ee800 JavaThread "Thread-222" [_thread_blocked, id=108712, stack(0x00000000349c0000,0x0000000034ac0000)]
  0x000000001f2ee000 JavaThread "Thread-221" [_thread_blocked, id=112660, stack(0x000000001d6a0000,0x000000001d7a0000)]
  0x000000001f2ed000 JavaThread "Thread-220" [_thread_blocked, id=100900, stack(0x0000000033b30000,0x0000000033c30000)]
  0x000000001f2ec800 JavaThread "Thread-219" [_thread_blocked, id=112200, stack(0x0000000034760000,0x0000000034860000)]
  0x000000001f2eb800 JavaThread "Thread-218" [_thread_blocked, id=101188, stack(0x00000000345d0000,0x00000000346d0000)]
  0x000000001f2eb000 JavaThread "Thread-217" [_thread_blocked, id=105840, stack(0x00000000343d0000,0x00000000344d0000)]
  0x000000001f2ea000 JavaThread "Thread-216" [_thread_blocked, id=129952, stack(0x0000000034240000,0x0000000034340000)]
  0x000000001f2e9800 JavaThread "Thread-215" [_thread_blocked, id=106588, stack(0x000000002d2d0000,0x000000002d3d0000)]
  0x000000001f2e8800 JavaThread "Thread-214" [_thread_blocked, id=98656, stack(0x00000000340f0000,0x00000000341f0000)]
  0x000000001f2e8000 JavaThread "Thread-213" [_thread_blocked, id=128444, stack(0x0000000033d80000,0x0000000033e80000)]
  0x000000001f2e7000 JavaThread "Thread-212" [_thread_blocked, id=120000, stack(0x0000000033ea0000,0x0000000033fa0000)]
  0x000000001f2e6800 JavaThread "Thread-211" [_thread_blocked, id=125128, stack(0x00000000334a0000,0x00000000335a0000)]
  0x000000001f2e5800 JavaThread "Thread-210" [_thread_blocked, id=131836, stack(0x0000000031d90000,0x0000000031e90000)]
  0x000000001f2e5000 JavaThread "Thread-209" [_thread_blocked, id=113716, stack(0x0000000033c30000,0x0000000033d30000)]
  0x000000001f2e4000 JavaThread "Thread-208" [_thread_blocked, id=102580, stack(0x0000000033a30000,0x0000000033b30000)]
  0x000000001f2e3800 JavaThread "Thread-207" [_thread_blocked, id=116620, stack(0x0000000033900000,0x0000000033a00000)]
  0x000000001f2e2800 JavaThread "Thread-206" [_thread_blocked, id=58180, stack(0x0000000033790000,0x0000000033890000)]
  0x000000001f2e2000 JavaThread "Thread-205" [_thread_blocked, id=115800, stack(0x00000000335a0000,0x00000000336a0000)]
  0x000000001f2e1000 JavaThread "Thread-204" [_thread_blocked, id=112648, stack(0x0000000033390000,0x0000000033490000)]
  0x000000001f2e0800 JavaThread "Thread-203" [_thread_blocked, id=116456, stack(0x0000000033280000,0x0000000033380000)]
  0x000000001f2df800 JavaThread "Thread-202" [_thread_blocked, id=111612, stack(0x0000000032e90000,0x0000000032f90000)]
  0x000000001ebd0800 JavaThread "Thread-201" [_thread_blocked, id=125516, stack(0x0000000033150000,0x0000000033250000)]
  0x000000001ebd0000 JavaThread "Thread-200" [_thread_blocked, id=106128, stack(0x0000000032fc0000,0x00000000330c0000)]
  0x000000001ebcf000 JavaThread "Thread-199" [_thread_blocked, id=101984, stack(0x0000000032d90000,0x0000000032e90000)]
  0x000000001ebce800 JavaThread "Thread-198" [_thread_blocked, id=125204, stack(0x0000000032900000,0x0000000032a00000)]
  0x000000001ebcd800 JavaThread "Thread-197" [_thread_blocked, id=125396, stack(0x0000000032b80000,0x0000000032c80000)]
  0x000000001ebcd000 JavaThread "Thread-196" [_thread_blocked, id=129420, stack(0x0000000032a50000,0x0000000032b50000)]
  0x000000001ebcc000 JavaThread "Thread-195" [_thread_blocked, id=88664, stack(0x00000000327f0000,0x00000000328f0000)]
  0x000000001ebcb800 JavaThread "Thread-194" [_thread_blocked, id=123756, stack(0x0000000032670000,0x0000000032770000)]
  0x000000001ebca800 JavaThread "Thread-193" [_thread_blocked, id=110108, stack(0x0000000031b60000,0x0000000031c60000)]
  0x000000001ebca000 JavaThread "Thread-192" [_thread_blocked, id=99836, stack(0x0000000032480000,0x0000000032580000)]
  0x000000001ebc9000 JavaThread "Thread-191" [_thread_blocked, id=111196, stack(0x0000000032330000,0x0000000032430000)]
  0x000000001ebc8800 JavaThread "Thread-190" [_thread_blocked, id=121452, stack(0x0000000030360000,0x0000000030460000)]
  0x000000001ebc7800 JavaThread "Thread-189" [_thread_blocked, id=126856, stack(0x0000000031950000,0x0000000031a50000)]
  0x000000001ebc7000 JavaThread "Thread-188" [_thread_blocked, id=127732, stack(0x00000000321e0000,0x00000000322e0000)]
  0x000000001ebc6000 JavaThread "Thread-187" [_thread_blocked, id=99412, stack(0x0000000032040000,0x0000000032140000)]
  0x000000001ebc5800 JavaThread "Thread-186" [_thread_blocked, id=105600, stack(0x0000000031ec0000,0x0000000031fc0000)]
  0x000000001ebc4800 JavaThread "Thread-185" [_thread_blocked, id=98604, stack(0x0000000031c60000,0x0000000031d60000)]
  0x000000001ebc4000 JavaThread "Thread-184" [_thread_blocked, id=129380, stack(0x0000000031a50000,0x0000000031b50000)]
  0x000000001ebc3000 JavaThread "Thread-183" [_thread_blocked, id=117832, stack(0x0000000031820000,0x0000000031920000)]
  0x000000001ebc2800 JavaThread "Thread-182" [_thread_blocked, id=126544, stack(0x0000000031660000,0x0000000031760000)]
  0x000000001ebc1800 JavaThread "Thread-181" [_thread_blocked, id=116472, stack(0x0000000031530000,0x0000000031630000)]
  0x000000001eed8000 JavaThread "Thread-180" [_thread_blocked, id=110060, stack(0x00000000313a0000,0x00000000314a0000)]
  0x000000001eed7000 JavaThread "Thread-179" [_thread_blocked, id=10332, stack(0x000000001d5a0000,0x000000001d6a0000)]
  0x000000001eed6800 JavaThread "Thread-178" [_thread_blocked, id=98100, stack(0x0000000030160000,0x0000000030260000)]
  0x000000001eed5800 JavaThread "Thread-177" [_thread_blocked, id=121936, stack(0x000000001c7d0000,0x000000001c8d0000)]
  0x000000001eed5000 JavaThread "Thread-176" [_thread_blocked, id=101668, stack(0x000000002fc30000,0x000000002fd30000)]
  0x000000001eed4000 JavaThread "Thread-175" [_thread_blocked, id=131188, stack(0x0000000030ee0000,0x0000000030fe0000)]
  0x000000001eed3800 JavaThread "Thread-174" [_thread_blocked, id=119116, stack(0x00000000311b0000,0x00000000312b0000)]
  0x000000001eed2800 JavaThread "Thread-173" [_thread_blocked, id=109900, stack(0x0000000030ff0000,0x00000000310f0000)]
  0x000000001eed2000 JavaThread "Thread-172" [_thread_blocked, id=117488, stack(0x000000002ff40000,0x0000000030040000)]
  0x000000001eed1000 JavaThread "Thread-171" [_thread_blocked, id=113028, stack(0x0000000030dc0000,0x0000000030ec0000)]
  0x000000001eed0800 JavaThread "Thread-170" [_thread_blocked, id=122552, stack(0x0000000030c50000,0x0000000030d50000)]
  0x000000001eecf800 JavaThread "Thread-169" [_thread_blocked, id=55096, stack(0x0000000030a60000,0x0000000030b60000)]
  0x000000001eecf000 JavaThread "Thread-168" [_thread_blocked, id=125552, stack(0x0000000030940000,0x0000000030a40000)]
  0x000000001eece000 JavaThread "Thread-167" [_thread_blocked, id=115932, stack(0x00000000307b0000,0x00000000308b0000)]
  0x000000001eecd800 JavaThread "Thread-166" [_thread_blocked, id=118856, stack(0x0000000030650000,0x0000000030750000)]
  0x000000001eecc800 JavaThread "Thread-165" [_thread_blocked, id=100924, stack(0x0000000030460000,0x0000000030560000)]
  0x000000001eecc000 JavaThread "Thread-164" [_thread_blocked, id=107280, stack(0x0000000030260000,0x0000000030360000)]
  0x000000001eecb000 JavaThread "Thread-163" [_thread_blocked, id=15104, stack(0x000000002f7e0000,0x000000002f8e0000)]
  0x000000001eeca800 JavaThread "Thread-162" [_thread_blocked, id=108512, stack(0x0000000030040000,0x0000000030140000)]
  0x000000001eec9800 JavaThread "Thread-161" [_thread_blocked, id=107380, stack(0x000000002eb30000,0x000000002ec30000)]
  0x000000001eec9000 JavaThread "Thread-160" [_thread_blocked, id=124660, stack(0x000000002fe30000,0x000000002ff30000)]
  0x000000001f2a5800 JavaThread "Thread-159" [_thread_blocked, id=124720, stack(0x000000002f4b0000,0x000000002f5b0000)]
  0x000000001f2a4800 JavaThread "Thread-158" [_thread_blocked, id=105164, stack(0x000000002fd30000,0x000000002fe30000)]
  0x000000001f2a4000 JavaThread "Thread-157" [_thread_blocked, id=112092, stack(0x000000002f290000,0x000000002f390000)]
  0x000000001f2a3000 JavaThread "Thread-156" [_thread_blocked, id=102084, stack(0x000000002fb20000,0x000000002fc20000)]
  0x000000001f2a2000 JavaThread "Thread-155" [_thread_blocked, id=112984, stack(0x000000002f960000,0x000000002fa60000)]
  0x000000001f2a1800 JavaThread "Thread-154" [_thread_blocked, id=99548, stack(0x000000002f6e0000,0x000000002f7e0000)]
  0x000000001f2a0800 JavaThread "Thread-153" [_thread_blocked, id=120912, stack(0x000000002f5b0000,0x000000002f6b0000)]
  0x000000001f2a0000 JavaThread "Thread-152" [_thread_blocked, id=117296, stack(0x000000002dda0000,0x000000002dea0000)]
  0x000000001f29f000 JavaThread "Thread-151" [_thread_blocked, id=124780, stack(0x000000002f3a0000,0x000000002f4a0000)]
  0x000000001f29e800 JavaThread "Thread-150" [_thread_blocked, id=43304, stack(0x000000002f180000,0x000000002f280000)]
  0x0000000016235800 JavaThread "Thread-149" [_thread_blocked, id=109728, stack(0x000000002eee0000,0x000000002efe0000)]
  0x0000000016235000 JavaThread "Thread-148" [_thread_blocked, id=121020, stack(0x000000002f020000,0x000000002f120000)]
  0x0000000016234000 JavaThread "Thread-147" [_thread_blocked, id=119268, stack(0x000000002edd0000,0x000000002eed0000)]
  0x0000000016233800 JavaThread "Thread-146" [_thread_blocked, id=128332, stack(0x000000002ccc0000,0x000000002cdc0000)]
  0x0000000016232800 JavaThread "Thread-145" [_thread_blocked, id=107692, stack(0x000000002ec30000,0x000000002ed30000)]
  0x0000000016232000 JavaThread "Thread-144" [_thread_blocked, id=109008, stack(0x000000002ea30000,0x000000002eb30000)]
  0x0000000016231000 JavaThread "Thread-143" [_thread_blocked, id=123060, stack(0x000000002e850000,0x000000002e950000)]
  0x0000000016230800 JavaThread "Thread-142" [_thread_blocked, id=118872, stack(0x000000002e6c0000,0x000000002e7c0000)]
  0x000000001622f800 JavaThread "Thread-141" [_thread_blocked, id=114160, stack(0x000000002e530000,0x000000002e630000)]
  0x000000001622f000 JavaThread "Thread-140" [_thread_blocked, id=130080, stack(0x000000002dfd0000,0x000000002e0d0000)]
  0x000000001dbcb000 JavaThread "Thread-139" [_thread_blocked, id=123716, stack(0x000000002d870000,0x000000002d970000)]
  0x000000001dbca000 JavaThread "Thread-138" [_thread_blocked, id=120820, stack(0x000000002e390000,0x000000002e490000)]
  0x000000001dbc9800 JavaThread "Thread-137" [_thread_blocked, id=119420, stack(0x000000002e220000,0x000000002e320000)]
  0x000000001dbc8800 JavaThread "Thread-136" [_thread_blocked, id=119796, stack(0x000000002e0d0000,0x000000002e1d0000)]
  0x000000001dbc8000 JavaThread "Thread-135" [_thread_blocked, id=113992, stack(0x000000002dea0000,0x000000002dfa0000)]
  0x000000001e822000 JavaThread "Thread-134" [_thread_blocked, id=101552, stack(0x000000002dc60000,0x000000002dd60000)]
  0x000000001e821800 JavaThread "Thread-133" [_thread_blocked, id=74528, stack(0x000000002ca80000,0x000000002cb80000)]
  0x000000001e820800 JavaThread "Thread-132" [_thread_blocked, id=129244, stack(0x000000002db20000,0x000000002dc20000)]
  0x000000001e820000 JavaThread "Thread-131" [_thread_blocked, id=109644, stack(0x000000002d970000,0x000000002da70000)]
  0x000000001e81f000 JavaThread "Thread-130" [_thread_blocked, id=120816, stack(0x000000002d750000,0x000000002d850000)]
  0x000000001e81e800 JavaThread "Thread-129" [_thread_blocked, id=100524, stack(0x000000002d5b0000,0x000000002d6b0000)]
  0x000000001e81d800 JavaThread "Thread-128" [_thread_blocked, id=130392, stack(0x000000002d3d0000,0x000000002d4d0000)]
  0x000000001e81d000 JavaThread "Thread-127" [_thread_blocked, id=111164, stack(0x000000002d1d0000,0x000000002d2d0000)]
  0x000000001e81c000 JavaThread "Thread-126" [_thread_blocked, id=127324, stack(0x000000002d050000,0x000000002d150000)]
  0x000000001e81b800 JavaThread "Thread-125" [_thread_blocked, id=111596, stack(0x000000002c830000,0x000000002c930000)]
  0x000000001e45d000 JavaThread "Thread-124" [_thread_blocked, id=123356, stack(0x000000002cf20000,0x000000002d020000)]
  0x000000001e45c000 JavaThread "Thread-123" [_thread_blocked, id=117628, stack(0x000000002cdc0000,0x000000002cec0000)]
  0x000000001e45b800 JavaThread "Thread-122" [_thread_blocked, id=114432, stack(0x000000002b500000,0x000000002b600000)]
  0x000000001e45a800 JavaThread "Thread-121" [_thread_blocked, id=121180, stack(0x000000002cbb0000,0x000000002ccb0000)]
  0x000000001e45a000 JavaThread "Thread-120" [_thread_blocked, id=104088, stack(0x000000002c960000,0x000000002ca60000)]
  0x000000001e459000 JavaThread "Thread-119" [_thread_blocked, id=120636, stack(0x000000002bab0000,0x000000002bbb0000)]
  0x000000001e458800 JavaThread "Thread-118" [_thread_blocked, id=106820, stack(0x000000002c730000,0x000000002c830000)]
  0x000000001e457800 JavaThread "Thread-117" [_thread_blocked, id=110852, stack(0x000000002c5b0000,0x000000002c6b0000)]
  0x000000001e457000 JavaThread "Thread-116" [_thread_blocked, id=105848, stack(0x000000002c3c0000,0x000000002c4c0000)]
  0x000000001e456000 JavaThread "Thread-115" [_thread_blocked, id=46032, stack(0x000000002c220000,0x000000002c320000)]
  0x000000001eeaf800 JavaThread "Thread-114" [_thread_blocked, id=128204, stack(0x000000002c0b0000,0x000000002c1b0000)]
  0x000000001eeaf000 JavaThread "Thread-113" [_thread_blocked, id=124268, stack(0x000000002bdb0000,0x000000002beb0000)]
  0x000000001eeae000 JavaThread "Thread-112" [_thread_blocked, id=125928, stack(0x000000002bc30000,0x000000002bd30000)]
  0x000000001eead800 JavaThread "Thread-111" [_thread_blocked, id=110884, stack(0x000000002b9b0000,0x000000002bab0000)]
  0x000000001eeac800 JavaThread "Thread-110" [_thread_blocked, id=115892, stack(0x000000002af30000,0x000000002b030000)]
  0x000000001eeac000 JavaThread "Thread-109" [_thread_blocked, id=62716, stack(0x000000002b7d0000,0x000000002b8d0000)]
  0x000000001eeab000 JavaThread "Thread-108" [_thread_blocked, id=111360, stack(0x000000002b630000,0x000000002b730000)]
  0x000000001eeaa800 JavaThread "Thread-107" [_thread_blocked, id=126628, stack(0x000000002b400000,0x000000002b500000)]
  0x000000001eea9800 JavaThread "Thread-106" [_thread_blocked, id=109576, stack(0x0000000027c30000,0x0000000027d30000)]
  0x000000001eea9000 JavaThread "Thread-105" [_thread_blocked, id=129184, stack(0x000000002a0f0000,0x000000002a1f0000)]
  0x000000001f9b3000 JavaThread "Thread-104" [_thread_blocked, id=107332, stack(0x0000000029650000,0x0000000029750000)]
  0x000000001f9b2800 JavaThread "Thread-103" [_thread_blocked, id=107580, stack(0x000000002b2f0000,0x000000002b3f0000)]
  0x000000001f9b1800 JavaThread "Thread-102" [_thread_blocked, id=108284, stack(0x000000002b130000,0x000000002b230000)]
  0x000000001f9b1000 JavaThread "Thread-101" [_thread_blocked, id=128660, stack(0x000000002b030000,0x000000002b130000)]
  0x000000001f9b0000 JavaThread "Thread-100" [_thread_blocked, id=130020, stack(0x000000002adc0000,0x000000002aec0000)]
  0x000000001f9af800 JavaThread "Thread-99" [_thread_blocked, id=13412, stack(0x000000002abe0000,0x000000002ace0000)]
  0x000000001f9ae800 JavaThread "Thread-98" [_thread_blocked, id=100704, stack(0x000000002aa00000,0x000000002ab00000)]
  0x000000001f9ae000 JavaThread "Thread-97" [_thread_blocked, id=128896, stack(0x000000002a900000,0x000000002aa00000)]
  0x000000001f9ad000 JavaThread "Thread-96" [_thread_blocked, id=101208, stack(0x000000002a710000,0x000000002a810000)]
  0x000000001f9ac800 JavaThread "Thread-95" [_thread_blocked, id=132028, stack(0x000000002a480000,0x000000002a580000)]
  0x000000001ef2f800 JavaThread "Thread-94" [_thread_blocked, id=106248, stack(0x000000002a580000,0x000000002a680000)]
  0x000000001ef2f000 JavaThread "Thread-93" [_thread_blocked, id=111288, stack(0x000000002a350000,0x000000002a450000)]
  0x000000001ef2e000 JavaThread "Thread-92" [_thread_blocked, id=126732, stack(0x0000000029200000,0x0000000029300000)]
  0x000000001ef2d800 JavaThread "Thread-91" [_thread_blocked, id=61588, stack(0x0000000029400000,0x0000000029500000)]
  0x000000001ef2c800 JavaThread "Thread-90" [_thread_blocked, id=123548, stack(0x000000002a210000,0x000000002a310000)]
  0x000000001ef2c000 JavaThread "Thread-89" [_thread_blocked, id=120880, stack(0x0000000029fe0000,0x000000002a0e0000)]
  0x000000001ef2b000 JavaThread "Thread-88" [_thread_blocked, id=118960, stack(0x0000000029df0000,0x0000000029ef0000)]
  0x000000001ef2a800 JavaThread "Thread-87" [_thread_blocked, id=107176, stack(0x0000000025700000,0x0000000025800000)]
  0x000000001ef29800 JavaThread "Thread-86" [_thread_blocked, id=116492, stack(0x0000000029c30000,0x0000000029d30000)]
  0x000000001ef29000 JavaThread "Thread-85" [_thread_blocked, id=108776, stack(0x0000000029b00000,0x0000000029c00000)]
  0x000000001feb3000 JavaThread "Thread-84" [_thread_blocked, id=109656, stack(0x0000000029920000,0x0000000029a20000)]
  0x000000001feb2000 JavaThread "Thread-83" [_thread_blocked, id=100516, stack(0x0000000029750000,0x0000000029850000)]
  0x000000001feb1000 JavaThread "Thread-82" [_thread_blocked, id=119596, stack(0x0000000029550000,0x0000000029650000)]
  0x000000001feb0800 JavaThread "Thread-81" [_thread_blocked, id=117268, stack(0x0000000029300000,0x0000000029400000)]
  0x000000001feaf800 JavaThread "Thread-80" [_thread_blocked, id=121624, stack(0x00000000290e0000,0x00000000291e0000)]
  0x000000001feaf000 JavaThread "Thread-79" [_thread_blocked, id=128376, stack(0x0000000028f00000,0x0000000029000000)]
  0x000000001feae000 JavaThread "Thread-78" [_thread_blocked, id=127632, stack(0x0000000028d30000,0x0000000028e30000)]
  0x000000001fead800 JavaThread "Thread-77" [_thread_blocked, id=119660, stack(0x0000000028b50000,0x0000000028c50000)]
=>0x000000001feac800 JavaThread "Thread-76" [_thread_in_vm, id=123012, stack(0x0000000028920000,0x0000000028a20000)]
  0x000000001feac000 JavaThread "Thread-75" [_thread_blocked, id=108312, stack(0x0000000028a40000,0x0000000028b40000)]
  0x000000001febb000 JavaThread "Thread-74" [_thread_blocked, id=117444, stack(0x00000000284d0000,0x00000000285d0000)]
  0x000000001feba800 JavaThread "Thread-73" [_thread_blocked, id=125880, stack(0x0000000028780000,0x0000000028880000)]
  0x000000001feb9800 JavaThread "Thread-72" [_thread_blocked, id=112868, stack(0x0000000028600000,0x0000000028700000)]
  0x000000001feb8800 JavaThread "Thread-71" [_thread_blocked, id=112828, stack(0x0000000027fa0000,0x00000000280a0000)]
  0x000000001feb8000 JavaThread "Thread-70" [_thread_blocked, id=98800, stack(0x0000000028350000,0x0000000028450000)]
  0x000000001feb7000 JavaThread "Thread-69" [_thread_blocked, id=107552, stack(0x0000000028240000,0x0000000028340000)]
  0x000000001feb6800 JavaThread "Thread-68" [_thread_blocked, id=112168, stack(0x00000000280d0000,0x00000000281d0000)]
  0x000000001feb5800 JavaThread "Thread-67" [_thread_blocked, id=129292, stack(0x0000000027e50000,0x0000000027f50000)]
  0x000000001feb4000 JavaThread "Thread-65" [_thread_blocked, id=110960, stack(0x0000000027d30000,0x0000000027e30000)]
  0x000000001ea11000 JavaThread "Thread-63" [_thread_blocked, id=130540, stack(0x0000000027370000,0x0000000027470000)]
  0x000000001ea10000 JavaThread "Thread-62" [_thread_blocked, id=114252, stack(0x00000000278c0000,0x00000000279c0000)]
  0x000000001ea0f800 JavaThread "Thread-61" [_thread_blocked, id=130808, stack(0x00000000277b0000,0x00000000278b0000)]
  0x000000001ea0e800 JavaThread "Thread-60" [_thread_blocked, id=120264, stack(0x0000000027670000,0x0000000027770000)]
  0x000000001ea0e000 JavaThread "Thread-59" [_thread_blocked, id=113472, stack(0x0000000027480000,0x0000000027580000)]
  0x000000001ea0d000 JavaThread "Thread-58" [_thread_blocked, id=127436, stack(0x00000000271b0000,0x00000000272b0000)]
  0x000000001ea0c800 JavaThread "Thread-57" [_thread_blocked, id=118824, stack(0x0000000026f20000,0x0000000027020000)]
  0x000000001ea0b800 JavaThread "Thread-56" [_thread_blocked, id=126272, stack(0x0000000027060000,0x0000000027160000)]
  0x000000001ea0b000 JavaThread "Thread-55" [_thread_blocked, id=103392, stack(0x0000000026c60000,0x0000000026d60000)]
  0x000000001f306800 JavaThread "Thread-54" [_thread_blocked, id=107396, stack(0x0000000026d90000,0x0000000026e90000)]
  0x000000001f305800 JavaThread "Thread-53" [_thread_blocked, id=112220, stack(0x0000000026810000,0x0000000026910000)]
  0x000000001f305000 JavaThread "Thread-52" [_thread_blocked, id=103964, stack(0x0000000026b10000,0x0000000026c10000)]
  0x000000001f304000 JavaThread "Thread-51" [_thread_blocked, id=120208, stack(0x0000000026a10000,0x0000000026b10000)]
  0x000000001f303800 JavaThread "Thread-50" [_thread_blocked, id=124248, stack(0x0000000026910000,0x0000000026a10000)]
  0x000000001f302800 JavaThread "Thread-49" [_thread_blocked, id=130900, stack(0x0000000026380000,0x0000000026480000)]
  0x000000001f302000 JavaThread "Thread-48" [_thread_blocked, id=111604, stack(0x0000000025dc0000,0x0000000025ec0000)]
  0x000000001f301000 JavaThread "Thread-47" [_thread_blocked, id=110428, stack(0x0000000026690000,0x0000000026790000)]
  0x000000001f300800 JavaThread "Thread-46" [_thread_blocked, id=97316, stack(0x00000000264c0000,0x00000000265c0000)]
  0x000000001f2ff800 JavaThread "Thread-45" [_thread_blocked, id=126532, stack(0x0000000024f30000,0x0000000025030000)]
  0x000000001fcf3000 JavaThread "Thread-44" [_thread_blocked, id=111672, stack(0x0000000026250000,0x0000000026350000)]
  0x000000001fcf2800 JavaThread "Thread-43" [_thread_blocked, id=103960, stack(0x0000000026130000,0x0000000026230000)]
  0x000000001fcf1800 JavaThread "Thread-42" [_thread_blocked, id=115652, stack(0x0000000025fd0000,0x00000000260d0000)]
  0x000000001fcf1000 JavaThread "Thread-41" [_thread_blocked, id=117772, stack(0x0000000025b90000,0x0000000025c90000)]
  0x000000001fcf0000 JavaThread "Thread-40" [_thread_blocked, id=119208, stack(0x0000000025ec0000,0x0000000025fc0000)]
  0x000000001fcef800 JavaThread "Thread-39" [_thread_blocked, id=120344, stack(0x0000000025c90000,0x0000000025d90000)]
  0x000000001fcee800 JavaThread "Thread-38" [_thread_blocked, id=108080, stack(0x0000000025920000,0x0000000025a20000)]
  0x000000001fcee000 JavaThread "Thread-37" [_thread_blocked, id=108376, stack(0x0000000025a70000,0x0000000025b70000)]
  0x000000001fced000 JavaThread "Thread-36" [_thread_blocked, id=101648, stack(0x0000000025800000,0x0000000025900000)]
  0x000000001fcec800 JavaThread "Thread-35" [_thread_blocked, id=104204, stack(0x0000000025480000,0x0000000025580000)]
  0x0000000021157000 JavaThread "Thread-34" [_thread_blocked, id=101244, stack(0x0000000025600000,0x0000000025700000)]
  0x0000000021156000 JavaThread "Thread-33" [_thread_blocked, id=124632, stack(0x0000000023fc0000,0x00000000240c0000)]
  0x0000000021155800 JavaThread "Thread-32" [_thread_blocked, id=115368, stack(0x0000000025380000,0x0000000025480000)]
  0x0000000021154800 JavaThread "Thread-31" [_thread_blocked, id=125848, stack(0x0000000025210000,0x0000000025310000)]
  0x0000000021154000 JavaThread "Thread-30" [_thread_blocked, id=114588, stack(0x0000000025030000,0x0000000025130000)]
  0x0000000021153000 JavaThread "Thread-29" [_thread_blocked, id=66808, stack(0x0000000024e20000,0x0000000024f20000)]
  0x0000000021152800 JavaThread "Thread-28" [_thread_blocked, id=126012, stack(0x0000000024850000,0x0000000024950000)]
  0x0000000021151800 JavaThread "Thread-27" [_thread_blocked, id=113076, stack(0x0000000024c60000,0x0000000024d60000)]
  0x0000000021151000 JavaThread "Thread-26" [_thread_blocked, id=128064, stack(0x0000000024b30000,0x0000000024c30000)]
  0x0000000021150000 JavaThread "Thread-25" [_thread_blocked, id=127656, stack(0x0000000024960000,0x0000000024a60000)]
  0x000000001e9ef000 JavaThread "Thread-24" [_thread_blocked, id=106852, stack(0x00000000246d0000,0x00000000247d0000)]
  0x000000001e9ee800 JavaThread "Thread-23" [_thread_blocked, id=97544, stack(0x0000000024520000,0x0000000024620000)]
  0x000000001e9ed800 JavaThread "Thread-22" [_thread_blocked, id=106952, stack(0x0000000024360000,0x0000000024460000)]
  0x000000001e9ed000 JavaThread "Thread-21" [_thread_blocked, id=121228, stack(0x0000000024210000,0x0000000024310000)]
  0x000000001e9ec000 JavaThread "Thread-20" [_thread_blocked, id=107272, stack(0x0000000022d10000,0x0000000022e10000)]
  0x000000001e9eb000 JavaThread "Thread-19" [_thread_blocked, id=126788, stack(0x00000000240d0000,0x00000000241d0000)]
  0x000000001e9ea800 JavaThread "Thread-18" [_thread_blocked, id=122396, stack(0x0000000023d30000,0x0000000023e30000)]
  0x000000001e9e9800 JavaThread "Thread-17" [_thread_blocked, id=131216, stack(0x0000000023e80000,0x0000000023f80000)]
  0x000000001e9e9000 JavaThread "Thread-16" [_thread_blocked, id=105912, stack(0x0000000023190000,0x0000000023290000)]
  0x000000001e9e8000 JavaThread "Thread-15" [_thread_blocked, id=102056, stack(0x0000000023c10000,0x0000000023d10000)]
  0x000000001fd03000 JavaThread "Thread-14" [_thread_blocked, id=115640, stack(0x0000000023850000,0x0000000023950000)]
  0x000000001fd02800 JavaThread "Thread-13" [_thread_blocked, id=99976, stack(0x00000000236c0000,0x00000000237c0000)]
  0x000000001fd01800 JavaThread "Thread-12" [_thread_blocked, id=100660, stack(0x0000000023540000,0x0000000023640000)]
  0x000000001fd01000 JavaThread "Thread-11" [_thread_blocked, id=110348, stack(0x0000000023440000,0x0000000023540000)]
  0x000000001fd00000 JavaThread "Thread-10" [_thread_blocked, id=125048, stack(0x000000001ca10000,0x000000001cb10000)]
  0x000000001fcfd000 JavaThread "rebel/pool-1-thread-1" daemon [_thread_blocked, id=129452, stack(0x0000000022e20000,0x0000000022f20000)]
  0x000000001fcfc800 JavaThread "rebel-change-detector-thread" daemon [_thread_blocked, id=129708, stack(0x0000000022bc0000,0x0000000022cc0000)]
  0x0000000018d3a800 JavaThread "rebel-debugger-thread" daemon [_thread_blocked, id=117428, stack(0x0000000018400000,0x0000000018500000)]
  0x0000000018d3a000 JavaThread "rebel-debugger-attach-notifier" daemon [_thread_blocked, id=121868, stack(0x000000001c5a0000,0x000000001c6a0000)]
  0x0000000018d32800 JavaThread "rebel-heartbeat-thread" daemon [_thread_blocked, id=124736, stack(0x0000000022a50000,0x0000000022b50000)]
  0x0000000018d37000 JavaThread "rebel-redeploy-thread" daemon [_thread_blocked, id=119548, stack(0x00000000228c0000,0x00000000229c0000)]
  0x0000000018d30000 JavaThread "rebel-weak-reaper" daemon [_thread_blocked, id=101820, stack(0x000000001d410000,0x000000001d510000)]
  0x0000000018d31800 JavaThread "rebel-IDENotificationsImpl-PostCycle" daemon [_thread_blocked, id=100468, stack(0x000000001ce10000,0x000000001cf10000)]
  0x0000000018d2e800 JavaThread "rebel-leaseManager-1" daemon [_thread_blocked, id=103060, stack(0x000000001c910000,0x000000001ca10000)]
  0x0000000018d36000 JavaThread "rebel-messaging-executor-53" daemon [_thread_blocked, id=120240, stack(0x000000001c6b0000,0x000000001c7b0000)]
  0x0000000018d38800 JavaThread "rebel-fsnotify-OutputReader" daemon [_thread_blocked, id=122600, stack(0x000000001bfa0000,0x000000001c0a0000)]
  0x0000000018d34000 JavaThread "rebel-fsnotify-OutputReader" daemon [_thread_blocked, id=101392, stack(0x000000001c100000,0x000000001c200000)]
  0x0000000018d33000 JavaThread "rebel-fsnotify-ShutdownOnTermination" daemon [_thread_in_native, id=98732, stack(0x000000001aa60000,0x000000001ab60000)]
  0x000000001afe7000 JavaThread "rebel-CacheKeepAlive" daemon [_thread_blocked, id=108160, stack(0x000000001be60000,0x000000001bf60000)]
  0x0000000018ece000 JavaThread "rebel-logger" daemon [_thread_blocked, id=111104, stack(0x000000001a500000,0x000000001a600000)]
  0x0000000018e12000 JavaThread "Service Thread" daemon [_thread_blocked, id=106356, stack(0x000000001a390000,0x000000001a490000)]
  0x0000000018d2d000 JavaThread "C1 CompilerThread11" daemon [_thread_blocked, id=100932, stack(0x000000001a220000,0x000000001a320000)]
  0x0000000018d2c000 JavaThread "C1 CompilerThread10" daemon [_thread_blocked, id=116864, stack(0x000000001a110000,0x000000001a210000)]
  0x0000000018d2b800 JavaThread "C1 CompilerThread9" daemon [_thread_blocked, id=117796, stack(0x0000000019f80000,0x000000001a080000)]
  0x0000000018d28800 JavaThread "C1 CompilerThread8" daemon [_thread_blocked, id=107188, stack(0x0000000019df0000,0x0000000019ef0000)]
  0x0000000018d18000 JavaThread "C2 CompilerThread7" daemon [_thread_blocked, id=111832, stack(0x0000000019cb0000,0x0000000019db0000)]
  0x0000000018d0f000 JavaThread "C2 CompilerThread6" daemon [_thread_blocked, id=124856, stack(0x0000000018a70000,0x0000000018b70000)]
  0x00000000162ff000 JavaThread "C2 CompilerThread5" daemon [_thread_blocked, id=99544, stack(0x0000000019b90000,0x0000000019c90000)]
  0x00000000162fe000 JavaThread "C2 CompilerThread4" daemon [_thread_blocked, id=109648, stack(0x0000000018740000,0x0000000018840000)]
  0x00000000162fb800 JavaThread "C2 CompilerThread3" daemon [_thread_blocked, id=105936, stack(0x0000000019a20000,0x0000000019b20000)]
  0x00000000162f9800 JavaThread "C2 CompilerThread2" daemon [_thread_blocked, id=118012, stack(0x0000000019860000,0x0000000019960000)]
  0x00000000162f5000 JavaThread "C2 CompilerThread1" daemon [_thread_blocked, id=110180, stack(0x0000000019700000,0x0000000019800000)]
  0x00000000162f4000 JavaThread "C2 CompilerThread0" daemon [_thread_blocked, id=125388, stack(0x00000000195a0000,0x00000000196a0000)]
  0x000000001619c000 JavaThread "Attach Listener" daemon [_thread_blocked, id=121552, stack(0x0000000018b80000,0x0000000018c80000)]
  0x0000000016199800 JavaThread "Signal Dispatcher" daemon [_thread_blocked, id=114288, stack(0x0000000018960000,0x0000000018a60000)]
  0x000000001614f000 JavaThread "Finalizer" daemon [_thread_blocked, id=126896, stack(0x0000000018840000,0x0000000018940000)]
  0x0000000016140800 JavaThread "Reference Handler" daemon [_thread_blocked, id=120352, stack(0x0000000018630000,0x0000000018730000)]

Other Threads:
  0x0000000002a98000 VMThread [stack: 0x0000000018520000,0x0000000018620000] [id=130732]
  0x0000000018e14000 WatcherThread [stack: 0x00000000194a0000,0x00000000195a0000] [id=117396]

VM state:synchronizing (normal execution)

VM Mutex/Monitor currently owned by a thread:  ([mutex/lock_event])
[0x0000000002509880] Threads_lock - owner thread: 0x0000000002a98000
[0x0000000002509d80] Heap_lock - owner thread: 0x000000001f304000

Heap:
 PSYoungGen      total 116736K, used 66426K [0x00000000f5580000, 0x0000000100000000, 0x0000000100000000)
  eden space 58880K, 100% used [0x00000000f5580000,0x00000000f8f00000,0x00000000f8f00000)
  from space 57856K, 13% used [0x00000000f8f00000,0x00000000f965e918,0x00000000fc780000)
  to   space 57856K, 0% used [0x00000000fc780000,0x00000000fc780000,0x0000000100000000)
 ParOldGen       total 349696K, used 349696K [0x00000000e0000000, 0x00000000f5580000, 0x00000000f5580000)
  object space 349696K, 100% used [0x00000000e0000000,0x00000000f5580000,0x00000000f5580000)
 Metaspace       used 31876K, capacity 32826K, committed 33280K, reserved 1079296K
  class space    used 3731K, capacity 4069K, committed 4096K, reserved 1048576K

Card table byte_map: [0x0000000002610000,0x0000000002720000] byte_map_base: 0x0000000001f10000

Marking Bits: (ParMarkBitMap*) 0x0000000051e808c0
 Begin Bits: [0x00000000134f0000, 0x0000000013cf0000)
 End Bits:   [0x0000000013cf0000, 0x00000000144f0000)

Polling page: 0x0000000000220000

CodeCache: size=245760Kb used=18777Kb max_used=18955Kb free=226982Kb
 bounds [0x0000000002ab0000, 0x0000000003d50000, 0x0000000011ab0000]
 total_blobs=5382 nmethods=4929 adapters=358
 compilation: enabled

Compilation events (10 events):
Event: 58.949 Thread 0x0000000018d18000 5848       4       sun.reflect.ClassFileAssembler::emitConstantPoolUTF8 (50 bytes)
Event: 59.097 Thread 0x0000000018d28800 nmethod 5843 0x00000000039290d0 code [0x00000000039292a0, 0x00000000039299d8]
Event: 60.907 Thread 0x0000000018d2b800 nmethod 5844 0x0000000002d9f050 code [0x0000000002d9f1a0, 0x0000000002d9f390]
Event: 60.907 Thread 0x0000000018d2b800 5839       3       sun.reflect.NativeMethodAccessorImpl::invoke (104 bytes)
Event: 63.164 Thread 0x0000000018d28800 5849       3       sun.reflect.ClassFileAssembler::getLength (11 bytes)
Event: 63.325 Thread 0x0000000018d2c000 nmethod 5841 0x000000000351ec50 code [0x000000000351ee80, 0x000000000351f8d8]
Event: 66.052 Thread 0x0000000018d28800 nmethod 5849 0x00000000038d0b10 code [0x00000000038d0c80, 0x00000000038d0e90]
Event: 66.140 Thread 0x0000000018d28800 5851       3       io.netty.util.concurrent.SingleThreadEventExecutor::_jr$ig$state (8 bytes)
Event: 66.140 Thread 0x0000000018d2d000 nmethod 5835 0x000000000365e250 code [0x000000000365e6e0, 0x0000000003661038]
Event: 66.140 Thread 0x0000000018d2d000 5850       3       java.lang.Class::privateGetDeclaredMethods (74 bytes)

GC Heap History (10 events):
Event: 67.103 GC heap before
{Heap before GC invocations=521 (full 510):
 PSYoungGen      total 116736K, used 66426K [0x00000000f5580000, 0x0000000100000000, 0x0000000100000000)
  eden space 58880K, 100% used [0x00000000f5580000,0x00000000f8f00000,0x00000000f8f00000)
  from space 57856K, 13% used [0x00000000f8f00000,0x00000000f965e918,0x00000000fc780000)
  to   space 57856K, 0% used [0x00000000fc780000,0x00000000fc780000,0x0000000100000000)
 ParOldGen       total 349696K, used 349695K [0x00000000e0000000, 0x00000000f5580000, 0x00000000f5580000)
  object space 349696K, 99% used [0x00000000e0000000,0x00000000f557fe88,0x00000000f5580000)
 Metaspace       used 31876K, capacity 32826K, committed 33280K, reserved 1079296K
  class space    used 3731K, capacity 4069K, committed 4096K, reserved 1048576K
Event: 67.191 GC heap after
Heap after GC invocations=521 (full 510):
 PSYoungGen      total 116736K, used 66420K [0x00000000f5580000, 0x0000000100000000, 0x0000000100000000)
  eden space 58880K, 99% used [0x00000000f5580000,0x00000000f8efe890,0x00000000f8f00000)
  from space 57856K, 13% used [0x00000000f8f00000,0x00000000f965e918,0x00000000fc780000)
  to   space 57856K, 0% used [0x00000000fc780000,0x00000000fc780000,0x0000000100000000)
 ParOldGen       total 349696K, used 349695K [0x00000000e0000000, 0x00000000f5580000, 0x00000000f5580000)
  object space 349696K, 99% used [0x00000000e0000000,0x00000000f557fe88,0x00000000f5580000)
 Metaspace       used 31876K, capacity 32826K, committed 33280K, reserved 1079296K
  class space    used 3731K, capacity 4069K, committed 4096K, reserved 1048576K
}
Event: 67.192 GC heap before
{Heap before GC invocations=522 (full 511):
 PSYoungGen      total 116736K, used 66426K [0x00000000f5580000, 0x0000000100000000, 0x0000000100000000)
  eden space 58880K, 100% used [0x00000000f5580000,0x00000000f8f00000,0x00000000f8f00000)
  from space 57856K, 13% used [0x00000000f8f00000,0x00000000f965e918,0x00000000fc780000)
  to   space 57856K, 0% used [0x00000000fc780000,0x00000000fc780000,0x0000000100000000)
 ParOldGen       total 349696K, used 349695K [0x00000000e0000000, 0x00000000f5580000, 0x00000000f5580000)
  object space 349696K, 99% used [0x00000000e0000000,0x00000000f557fe88,0x00000000f5580000)
 Metaspace       used 31876K, capacity 32826K, committed 33280K, reserved 1079296K
  class space    used 3731K, capacity 4069K, committed 4096K, reserved 1048576K
Event: 67.266 GC heap after
Heap after GC invocations=522 (full 511):
 PSYoungGen      total 116736K, used 66424K [0x00000000f5580000, 0x0000000100000000, 0x0000000100000000)
  eden space 58880K, 99% used [0x00000000f5580000,0x00000000f8effae0,0x00000000f8f00000)
  from space 57856K, 13% used [0x00000000f8f00000,0x00000000f965e918,0x00000000fc780000)
  to   space 57856K, 0% used [0x00000000fc780000,0x00000000fc780000,0x0000000100000000)
 ParOldGen       total 349696K, used 349695K [0x00000000e0000000, 0x00000000f5580000, 0x00000000f5580000)
  object space 349696K, 99% used [0x00000000e0000000,0x00000000f557fe88,0x00000000f5580000)
 Metaspace       used 31876K, capacity 32826K, committed 33280K, reserved 1079296K
  class space    used 3731K, capacity 4069K, committed 4096K, reserved 1048576K
}
Event: 67.266 GC heap before
{Heap before GC invocations=523 (full 512):
 PSYoungGen      total 116736K, used 66424K [0x00000000f5580000, 0x0000000100000000, 0x0000000100000000)
  eden space 58880K, 99% used [0x00000000f5580000,0x00000000f8effae0,0x00000000f8f00000)
  from space 57856K, 13% used [0x00000000f8f00000,0x00000000f965e918,0x00000000fc780000)
  to   space 57856K, 0% used [0x00000000fc780000,0x00000000fc780000,0x0000000100000000)
 ParOldGen       total 349696K, used 349695K [0x00000000e0000000, 0x00000000f5580000, 0x00000000f5580000)
  object space 349696K, 99% used [0x00000000e0000000,0x00000000f557fe88,0x00000000f5580000)
 Metaspace       used 31876K, capacity 32826K, committed 33280K, reserved 1079296K
  class space    used 3731K, capacity 4069K, committed 4096K, reserved 1048576K
Event: 67.351 GC heap after
Heap after GC invocations=523 (full 512):
 PSYoungGen      total 116736K, used 66424K [0x00000000f5580000, 0x0000000100000000, 0x0000000100000000)
  eden space 58880K, 99% used [0x00000000f5580000,0x00000000f8effae0,0x00000000f8f00000)
  from space 57856K, 13% used [0x00000000f8f00000,0x00000000f965e918,0x00000000fc780000)
  to   space 57856K, 0% used [0x00000000fc780000,0x00000000fc780000,0x0000000100000000)
 ParOldGen       total 349696K, used 349695K [0x00000000e0000000, 0x00000000f5580000, 0x00000000f5580000)
  object space 349696K, 99% used [0x00000000e0000000,0x00000000f557fe88,0x00000000f5580000)
 Metaspace       used 31876K, capacity 32826K, committed 33280K, reserved 1079296K
  class space    used 3731K, capacity 4069K, committed 4096K, reserved 1048576K
}
Event: 67.352 GC heap before
{Heap before GC invocations=524 (full 513):
 PSYoungGen      total 116736K, used 66426K [0x00000000f5580000, 0x0000000100000000, 0x0000000100000000)
  eden space 58880K, 100% used [0x00000000f5580000,0x00000000f8f00000,0x00000000f8f00000)
  from space 57856K, 13% used [0x00000000f8f00000,0x00000000f965e918,0x00000000fc780000)
  to   space 57856K, 0% used [0x00000000fc780000,0x00000000fc780000,0x0000000100000000)
 ParOldGen       total 349696K, used 349696K [0x00000000e0000000, 0x00000000f5580000, 0x00000000f5580000)
  object space 349696K, 100% used [0x00000000e0000000,0x00000000f5580000,0x00000000f5580000)
 Metaspace       used 31876K, capacity 32826K, committed 33280K, reserved 1079296K
  class space    used 3731K, capacity 4069K, committed 4096K, reserved 1048576K
Event: 67.425 GC heap after
Heap after GC invocations=524 (full 513):
 PSYoungGen      total 116736K, used 66425K [0x00000000f5580000, 0x0000000100000000, 0x0000000100000000)
  eden space 58880K, 99% used [0x00000000f5580000,0x00000000f8effbd8,0x00000000f8f00000)
  from space 57856K, 13% used [0x00000000f8f00000,0x00000000f965e918,0x00000000fc780000)
  to   space 57856K, 0% used [0x00000000fc780000,0x00000000fc780000,0x0000000100000000)
 ParOldGen       total 349696K, used 349696K [0x00000000e0000000, 0x00000000f5580000, 0x00000000f5580000)
  object space 349696K, 100% used [0x00000000e0000000,0x00000000f5580000,0x00000000f5580000)
 Metaspace       used 31876K, capacity 32826K, committed 33280K, reserved 1079296K
  class space    used 3731K, capacity 4069K, committed 4096K, reserved 1048576K
}
Event: 67.425 GC heap before
{Heap before GC invocations=525 (full 514):
 PSYoungGen      total 116736K, used 66425K [0x00000000f5580000, 0x0000000100000000, 0x0000000100000000)
  eden space 58880K, 99% used [0x00000000f5580000,0x00000000f8effbd8,0x00000000f8f00000)
  from space 57856K, 13% used [0x00000000f8f00000,0x00000000f965e918,0x00000000fc780000)
  to   space 57856K, 0% used [0x00000000fc780000,0x00000000fc780000,0x0000000100000000)
 ParOldGen       total 349696K, used 349696K [0x00000000e0000000, 0x00000000f5580000, 0x00000000f5580000)
  object space 349696K, 100% used [0x00000000e0000000,0x00000000f5580000,0x00000000f5580000)
 Metaspace       used 31876K, capacity 32826K, committed 33280K, reserved 1079296K
  class space    used 3731K, capacity 4069K, committed 4096K, reserved 1048576K
Event: 67.497 GC heap after
Heap after GC invocations=525 (full 514):
 PSYoungGen      total 116736K, used 66425K [0x00000000f5580000, 0x0000000100000000, 0x0000000100000000)
  eden space 58880K, 99% used [0x00000000f5580000,0x00000000f8effbd8,0x00000000f8f00000)
  from space 57856K, 13% used [0x00000000f8f00000,0x00000000f965e918,0x00000000fc780000)
  to   space 57856K, 0% used [0x00000000fc780000,0x00000000fc780000,0x0000000100000000)
 ParOldGen       total 349696K, used 349696K [0x00000000e0000000, 0x00000000f5580000, 0x00000000f5580000)
  object space 349696K, 100% used [0x00000000e0000000,0x00000000f5580000,0x00000000f5580000)
 Metaspace       used 31876K, capacity 32826K, committed 33280K, reserved 1079296K
  class space    used 3731K, capacity 4069K, committed 4096K, reserved 1048576K
}

Deoptimization events (10 events):
Event: 29.361 Thread 0x000000001f1a9000 Uncommon trap: reason=unstable_if action=reinterpret pc=0x0000000003cebb84 method=com.zeroturnaround.jrebelbase.reflection.s.a()Lcom/zeroturnaround/jrebelbase/reflection/k; @ 4
Event: 29.357 Thread 0x000000001efbb800 Uncommon trap: reason=unstable_if action=reinterpret pc=0x0000000003ce84c8 method=com.zeroturnaround.jrebelbase.reflection.s.a()Lcom/zeroturnaround/jrebelbase/reflection/k; @ 4
Event: 29.362 Thread 0x0000000016235000 Uncommon trap: reason=unstable_if action=reinterpret pc=0x0000000003d369f4 method=java.lang.reflect.Field.getFieldAccessor(Ljava/lang/Object;)Lsun/reflect/FieldAccessor; @ 22
Event: 29.557 Thread 0x000000002089c800 Uncommon trap: reason=unstable_if action=reinterpret pc=0x000000000354b188 method=java.lang.ref.SoftReference.get()Ljava/lang/Object; @ 10
Event: 29.557 Thread 0x000000001e45c000 Uncommon trap: reason=unstable_if action=reinterpret pc=0x000000000354b188 method=java.lang.ref.SoftReference.get()Ljava/lang/Object; @ 10
Event: 29.557 Thread 0x000000001e9ee800 Uncommon trap: reason=unstable_if action=reinterpret pc=0x000000000354b188 method=java.lang.ref.SoftReference.get()Ljava/lang/Object; @ 10
Event: 29.557 Thread 0x000000001feb2000 Uncommon trap: reason=unstable_if action=reinterpret pc=0x000000000354b188 method=java.lang.ref.SoftReference.get()Ljava/lang/Object; @ 10
Event: 29.557 Thread 0x000000001fcf2800 Uncommon trap: reason=unstable_if action=reinterpret pc=0x000000000354b188 method=java.lang.ref.SoftReference.get()Ljava/lang/Object; @ 10
Event: 29.557 Thread 0x000000001e81d000 Uncommon trap: reason=unstable_if action=reinterpret pc=0x000000000354b188 method=java.lang.ref.SoftReference.get()Ljava/lang/Object; @ 10
Event: 62.537 Thread 0x0000000018d36000 Uncommon trap: reason=unstable_if action=reinterpret pc=0x0000000003d2e958 method=java.net.AbstractPlainSocketImpl.close()V @ 18

Classes redefined (7 events):
Event: 0.870 Thread 0x0000000002a98000 redefined class name=com.zeroturnaround.jrebelbase.facade.au, count=1
Event: 0.877 Thread 0x0000000002a98000 redefined class name=com.zeroturnaround.jrebelbase.facade.ao, count=1
Event: 0.887 Thread 0x0000000002a98000 redefined class name=com.zeroturnaround.jrebelbase.facade.a, count=1
Event: 0.896 Thread 0x0000000002a98000 redefined class name=com.zeroturnaround.jrebelbase.g, count=1
Event: 0.906 Thread 0x0000000002a98000 redefined class name=com.zeroturnaround.jrebelbase.facade.h, count=1
Event: 0.912 Thread 0x0000000002a98000 redefined class name=com.zeroturnaround.jrebelbase.facade.g, count=1
Event: 0.919 Thread 0x0000000002a98000 redefined class name=com.zeroturnaround.jrebelbase.facade.i, count=1

Internal exceptions (10 events):
Event: 65.487 Thread 0x000000001eca1800 Exception <a 'java/lang/OutOfMemoryError'> (0x00000000e0008278) thrown at [C:\re\workspace\8-2-build-windows-amd64-cygwin\jdk8u171\10807\hotspot\src\share\vm\gc_interface/collectedHeap.inline.hpp, line 170]
Event: 65.869 Thread 0x000000001feb5800 Exception <a 'java/lang/OutOfMemoryError'> (0x00000000e0008278) thrown at [C:\re\workspace\8-2-build-windows-amd64-cygwin\jdk8u171\10807\hotspot\src\share\vm\gc_interface/collectedHeap.inline.hpp, line 170]
Event: 66.052 Thread 0x0000000020588000 Exception <a 'java/lang/OutOfMemoryError'> (0x00000000e0008278) thrown at [C:\re\workspace\8-2-build-windows-amd64-cygwin\jdk8u171\10807\hotspot\src\share\vm\prims\jvm.cpp, line 1439]
Event: 66.316 Thread 0x000000001ef2c000 Exception <a 'java/lang/OutOfMemoryError'> (0x00000000e0008278) thrown at [C:\re\workspace\8-2-build-windows-amd64-cygwin\jdk8u171\10807\hotspot\src\share\vm\gc_interface/collectedHeap.inline.hpp, line 170]
Event: 66.692 Thread 0x000000001f1a6000 Exception <a 'java/lang/OutOfMemoryError'> (0x00000000e0008278) thrown at [C:\re\workspace\8-2-build-windows-amd64-cygwin\jdk8u171\10807\hotspot\src\share\vm\gc_interface/collectedHeap.inline.hpp, line 170]
Event: 66.846 Thread 0x000000001f1a6000 Exception <a 'java/lang/OutOfMemoryError'> (0x00000000e0008278) thrown at [C:\re\workspace\8-2-build-windows-amd64-cygwin\jdk8u171\10807\hotspot\src\share\vm\prims\jvm.cpp, line 1439]
Event: 67.102 Thread 0x00000000208ab000 Exception <a 'java/lang/OutOfMemoryError'> (0x00000000e0008278) thrown at [C:\re\workspace\8-2-build-windows-amd64-cygwin\jdk8u171\10807\hotspot\src\share\vm\gc_interface/collectedHeap.inline.hpp, line 170]
Event: 67.102 Thread 0x000000001f1a6000 Exception <a 'java/lang/OutOfMemoryError'> (0x00000000e0008278) thrown at [C:\re\workspace\8-2-build-windows-amd64-cygwin\jdk8u171\10807\hotspot\src\share\vm\prims\jvm.cpp, line 1439]
Event: 67.351 Thread 0x000000002057c000 Exception <a 'java/lang/OutOfMemoryError'> (0x00000000e00081f8) thrown at [C:\re\workspace\8-2-build-windows-amd64-cygwin\jdk8u171\10807\hotspot\src\share\vm\gc_interface/collectedHeap.inline.hpp, line 159]
Event: 67.498 Thread 0x000000001f2ea000 Exception <a 'java/lang/OutOfMemoryError'> (0x00000000e0008278) thrown at [C:\re\workspace\8-2-build-windows-amd64-cygwin\jdk8u171\10807\hotspot\src\share\vm\gc_interface/collectedHeap.inline.hpp, line 170]

Events (10 events):
Event: 67.191 Executing VM operation: ParallelGCFailedAllocation done
Event: 67.191 Executing VM operation: ParallelGCFailedAllocation
Event: 67.351 Executing VM operation: ParallelGCFailedAllocation done
Event: 67.351 Thread 0x000000002057c000 DEOPT PACKING pc=0x0000000003d0c9bc sp=0x00000000498ae870
Event: 67.351 Executing VM operation: ParallelGCFailedAllocation
Event: 67.351 Thread 0x000000002057c000 DEOPT UNPACKING pc=0x0000000002af7890 sp=0x00000000498ae510 mode 1
Event: 67.498 Executing VM operation: ParallelGCFailedAllocation done
Event: 67.498 Thread 0x00000000208ab000 DEOPT PACKING pc=0x0000000003d02940 sp=0x0000000044caf090
Event: 67.498 Executing VM operation: ParallelGCFailedAllocation
Event: 67.498 Thread 0x00000000208ab000 DEOPT UNPACKING pc=0x0000000002af7890 sp=0x0000000044caeaf0 mode 1


Dynamic libraries:
0x000000013f310000 - 0x000000013f347000 	C:\Program Files\Java\jdk1.8.0_171\bin\javaw.exe
0x0000000076d40000 - 0x0000000076eea000 	C:\Windows\SYSTEM32\ntdll.dll
0x0000000076b20000 - 0x0000000076c3f000 	C:\Windows\system32\kernel32.dll
0x000007fefcaa0000 - 0x000007fefcb0b000 	C:\Windows\system32\KERNELBASE.dll
0x000007fefe5f0000 - 0x000007fefe6cb000 	C:\Windows\system32\ADVAPI32.dll
0x000007fefe7b0000 - 0x000007fefe84f000 	C:\Windows\system32\msvcrt.dll
0x000007fefef10000 - 0x000007fefef2f000 	C:\Windows\SYSTEM32\sechost.dll
0x000007fefe440000 - 0x000007fefe56d000 	C:\Windows\system32\RPCRT4.dll
0x0000000076c40000 - 0x0000000076d3a000 	C:\Windows\system32\USER32.dll
0x000007fefdf30000 - 0x000007fefdf97000 	C:\Windows\system32\GDI32.dll
0x000007fefe700000 - 0x000007fefe70e000 	C:\Windows\system32\LPK.dll
0x000007fefdfa0000 - 0x000007fefe06a000 	C:\Windows\system32\USP10.dll
0x000007fefac00000 - 0x000007fefadf4000 	C:\Windows\WinSxS\amd64_microsoft.windows.common-controls_6595b64144ccf1df_6.0.7601.18837_none_fa3b1e3d17594757\COMCTL32.dll
0x000007fefef30000 - 0x000007fefefa1000 	C:\Windows\system32\SHLWAPI.dll
0x000007fefe6d0000 - 0x000007fefe6fe000 	C:\Windows\system32\IMM32.DLL
0x000007fefde20000 - 0x000007fefdf29000 	C:\Windows\system32\MSCTF.dll
0x000000006ba00000 - 0x000000006bad2000 	C:\Program Files\Java\jdk1.8.0_171\jre\bin\msvcr100.dll
0x0000000051660000 - 0x0000000051f00000 	C:\Program Files\Java\jdk1.8.0_171\jre\bin\server\jvm.dll
0x000007fef9f70000 - 0x000007fef9f79000 	C:\Windows\system32\WSOCK32.dll
0x000007fefdbc0000 - 0x000007fefdc0d000 	C:\Windows\system32\WS2_32.dll
0x000007fefeb40000 - 0x000007fefeb48000 	C:\Windows\system32\NSI.dll
0x000007fef9c60000 - 0x000007fef9c9b000 	C:\Windows\system32\WINMM.dll
0x000007fefbce0000 - 0x000007fefbcec000 	C:\Windows\system32\VERSION.dll
0x0000000076f00000 - 0x0000000076f07000 	C:\Windows\system32\PSAPI.DLL
0x00000000734b0000 - 0x00000000734bf000 	C:\Program Files\Java\jdk1.8.0_171\jre\bin\verify.dll
0x0000000073480000 - 0x00000000734a9000 	C:\Program Files\Java\jdk1.8.0_171\jre\bin\java.dll
0x000007fef1520000 - 0x000007fef1559000 	D:\eclipse\plugins\org.zeroturnaround.eclipse.embedder_2018.2.2.RELEASE\jrebel\lib\jrebel64.dll
0x000007fefce30000 - 0x000007fefdbb9000 	C:\Windows\system32\SHELL32.dll
0x000007fefbcd0000 - 0x000007fefbcd3000 	C:\Windows\system32\api-ms-win-core-synch-l1-2-0.DLL
0x000000006b680000 - 0x000000006b696000 	C:\Program Files\Java\jdk1.8.0_171\jre\bin\zip.dll
0x000007fefdc10000 - 0x000007fefde13000 	C:\Windows\system32\ole32.dll
0x000007fefca70000 - 0x000007fefca7f000 	C:\Windows\system32\profapi.dll
0x0000000073410000 - 0x000000007341d000 	C:\Program Files\Java\jdk1.8.0_171\jre\bin\management.dll
0x000000006b3c0000 - 0x000000006b3da000 	C:\Program Files\Java\jdk1.8.0_171\jre\bin\net.dll
0x000007fefc210000 - 0x000007fefc265000 	C:\Windows\system32\mswsock.dll
0x000007fefc200000 - 0x000007fefc207000 	C:\Windows\System32\wship6.dll
0x000000006b3a0000 - 0x000000006b3b1000 	C:\Program Files\Java\jdk1.8.0_171\jre\bin\nio.dll
0x000000006b370000 - 0x000000006b394000 	C:\Program Files\Java\jdk1.8.0_171\jre\bin\sunec.dll
0x000000006b360000 - 0x000000006b36b000 	C:\Program Files\Java\jdk1.8.0_171\jre\bin\sunmscapi.dll
0x000007fefccc0000 - 0x000007fefce2d000 	C:\Windows\system32\CRYPT32.dll
0x000007fefca80000 - 0x000007fefca8f000 	C:\Windows\system32\MSASN1.dll
0x000007fef1500000 - 0x000007fef151b000 	C:\Users\Administrator\AppData\Local\Temp\jrebel-temp\ver-b8c297ce\IdeaWin64.dll
0x000007fefc8b0000 - 0x000007fefc907000 	C:\Windows\system32\apphelp.dll
0x000007fef9920000 - 0x000007fef9947000 	C:\Windows\system32\IPHLPAPI.DLL
0x000007fef9910000 - 0x000007fef991b000 	C:\Windows\system32\WINNSI.DLL
0x000007fef9720000 - 0x000007fef9731000 	C:\Windows\system32\dhcpcsvc6.DLL
0x000007fef9700000 - 0x000007fef9718000 	C:\Windows\system32\dhcpcsvc.DLL
0x000007fefc270000 - 0x000007fefc288000 	C:\Windows\system32\CRYPTSP.dll
0x000007fefbf70000 - 0x000007fefbfb7000 	C:\Windows\system32\rsaenh.dll
0x000007fefcba0000 - 0x000007fefcbbe000 	C:\Windows\system32\USERENV.dll
0x000007fefc910000 - 0x000007fefc91f000 	C:\Windows\system32\CRYPTBASE.dll
0x000007fefb700000 - 0x000007fefb707000 	C:\Windows\System32\wshtcpip.dll
0x000007fefc090000 - 0x000007fefc0eb000 	C:\Windows\system32\DNSAPI.dll
0x000007fef6e80000 - 0x000007fef6e88000 	C:\Windows\system32\rasadhlp.dll
0x000007fef97a0000 - 0x000007fef97f3000 	C:\Windows\System32\fwpuclnt.dll
0x000007fef4210000 - 0x000007fef4335000 	C:\Windows\system32\dbghelp.dll

VM Arguments:
jvm_args: -Xms512m -Xmx512m -Drebel.base=C:\Users\Administrator\.jrebel -Drebel.env.ide.plugin.version=2018.2.2 -Drebel.env.ide.version=4.9.0 -Drebel.env.ide.product=Eclipse_IDE -Drebel.env.ide=eclipse -Drebel.notification.url=http://localhost:17434 -Drebel.workspace.path=D:\EE_MY -Drebel.properties=C:\Users\Administrator\.jrebel\jrebel.properties -agentpath:D:\eclipse\plugins\org.zeroturnaround.eclipse.embedder_2018.2.2.RELEASE\jrebel\lib\jrebel64.dll -Dfile.encoding=UTF-8 
java_command: xzcode.ggserver.client.GGClient
java_class_path (initial): D:\EE_MY\ggserver\ggserver-client\target\classes;D:\Maven\repository\com\google\code\gson\gson\2.8.5\gson-2.8.5.jar;D:\Maven\repository\commons-codec\commons-codec\1.11\commons-codec-1.11.jar;D:\Maven\repository\io\netty\netty-handler\4.1.33.Final\netty-handler-4.1.33.Final.jar;D:\Maven\repository\io\netty\netty-transport\4.1.33.Final\netty-transport-4.1.33.Final.jar;D:\Maven\repository\io\netty\netty-resolver\4.1.33.Final\netty-resolver-4.1.33.Final.jar;D:\Maven\repository\io\netty\netty-buffer\4.1.33.Final\netty-buffer-4.1.33.Final.jar;D:\Maven\repository\io\netty\netty-common\4.1.33.Final\netty-common-4.1.33.Final.jar;D:\Maven\repository\io\netty\netty-codec\4.1.33.Final\netty-codec-4.1.33.Final.jar;D:\Maven\repository\io\netty\netty-codec-http\4.1.33.Final\netty-codec-http-4.1.33.Final.jar;D:\Maven\repository\io\github\classgraph\classgraph\4.6.29\classgraph-4.6.29.jar;D:\Maven\repository\org\msgpack\msgpack-core\0.8.16\msgpack-core-0.8.16.jar;D:\Maven\repository\org\msgpack\jackson-dataformat-msgpack\0.8.16\jackson-dataformat-msgpack-0.8.16.jar;D:\Maven\repository\com\fasterxml\jackson\core\jackson-databind\2.8.11.1\jackson-databind-2.8.11.1.jar;D:\Maven\repository\com\fasterxml\jackson\core\jackson-annotations\2.8.0\jackson-annotations-2.8.0.jar;D:\Maven\repository\com\fasterxml\jackson\core\jackson-core\2.8.10\jackson-core-2.8.10.jar;D:\Maven\repository\org\slf4j\slf4j-api\1.7.25\slf4j-api-1.7.25.jar
Launcher Type: SUN_STANDARD

Environment Variables:
JAVA_HOME=C:\Program Files\Java\jdk1.8.0_171
PATH=C:/Program Files/Java/jre1.8.0_171/bin/server;C:/Program Files/Java/jre1.8.0_171/bin;C:/Program Files/Java/jre1.8.0_171/lib/amd64;C:\Program Files (x86)\Common Files\Oracle\Java\javapath;C:\Windows\system32;C:\Windows;C:\Windows\System32\Wbem;C:\Windows\System32\WindowsPowerShell\v1.0\;C:\Program Files (x86)\NVIDIA Corporation\PhysX\Common;C:\Program Files\Microsoft VS Code Insiders\bin;C:\Program Files\TortoiseGit\bin;E:\Program Files\Git\cmd;C:\Program Files\Java\jdk1.8.0_171\bin;D:\Maven\apache-maven\bin;D:\Gradle\gradle-4.4\bin;;D:\Program Files\Microsoft VS Code Insiders\bin;E:\Program Files\TortoiseSVN\bin;C:\Program Files\nodejs\;C:\Users\Administrator\AppData\Roaming\npm;E:\Program Files\Docker Toolbox;D:\eclipse;
USERNAME=Administrator
OS=Windows_NT
PROCESSOR_IDENTIFIER=Intel64 Family 6 Model 62 Stepping 4, GenuineIntel



---------------  S Y S T E M  ---------------

OS: Windows 7 , 64 bit Build 7601 (6.1.7601.19160)

CPU:total 20 (initial active 20) (10 cores per cpu, 2 threads per core) family 6 model 62 stepping 4, cmov, cx8, fxsr, mmx, sse, sse2, sse3, ssse3, sse4.1, sse4.2, popcnt, avx, aes, clmul, erms, ht, tsc, tscinvbit

Memory: 4k page, physical 50261436k(16909216k free), swap 71495008k(35690624k free)

vm_info: Java HotSpot(TM) 64-Bit Server VM (25.171-b11) for windows-amd64 JRE (1.8.0_171-b11), built on Mar 28 2018 16:06:12 by "java_re" with MS VC++ 10.0 (VS2010)

time: Mon Jun 17 10:58:12 2019
elapsed time: 67 seconds (0d 0h 1m 7s)

